[2024-01-30 09:39:35 INFO  background-preinit] [org.hibernate.validator.internal.util.Version] HV000001: Hibernate Validator 8.0.1.Final
[2024-01-30 09:39:35 INFO  Test worker] [com.green.greengram4.feed.FeedControllerTest] Starting FeedControllerTest using Java 17.0.8.1 with PID 10576 (started by Administrator in D:\2023_second\java\greengram4)
[2024-01-30 09:39:35 INFO  Test worker] [com.green.greengram4.feed.FeedControllerTest] No active profile set, falling back to 1 default profile: "default"
[2024-01-30 09:39:36 WARN  Test worker] [org.springframework.web.context.support.GenericWebApplicationContext] Exception encountered during context initialization - cancelling refresh attempt: org.springframework.beans.factory.UnsatisfiedDependencyException: Error creating bean with name 'jwtAuthenticationFilter' defined in file [D:\2023_second\java\greengram4\build\classes\java\main\com\green\greengram4\security\JwtAuthenticationFilter.class]: Unsatisfied dependency expressed through constructor parameter 0: No qualifying bean of type 'com.green.greengram4.security.JwtTokenProvider' available: expected at least 1 bean which qualifies as autowire candidate. Dependency annotations: {}
[2024-01-30 09:39:36 INFO  Test worker] [org.springframework.boot.autoconfigure.logging.ConditionEvaluationReportLogger] 

Error starting ApplicationContext. To display the condition evaluation report re-run your application with 'debug' enabled.
[2024-01-30 09:39:36 ERROR Test worker] [org.springframework.boot.diagnostics.LoggingFailureAnalysisReporter] 

***************************
APPLICATION FAILED TO START
***************************

Description:

Parameter 0 of constructor in com.green.greengram4.security.JwtAuthenticationFilter required a bean of type 'com.green.greengram4.security.JwtTokenProvider' that could not be found.


Action:

Consider defining a bean of type 'com.green.greengram4.security.JwtTokenProvider' in your configuration.

[2024-01-30 09:39:36 WARN  Test worker] [org.springframework.test.context.TestContextManager] Caught exception while allowing TestExecutionListener [org.springframework.boot.test.mock.mockito.MockitoTestExecutionListener] to prepare test instance [com.green.greengram4.feed.FeedControllerTest@3316527e]
java.lang.IllegalStateException: Failed to load ApplicationContext for [WebMergedContextConfiguration@5a13f1f7 testClass = com.green.greengram4.feed.FeedControllerTest, locations = [], classes = [com.green.greengram4.Greengram4Application], contextInitializerClasses = [], activeProfiles = [], propertySourceDescriptors = [], propertySourceProperties = ["org.springframework.boot.test.autoconfigure.web.servlet.WebMvcTestContextBootstrapper=true"], contextCustomizers = [org.springframework.boot.test.autoconfigure.OverrideAutoConfigurationContextCustomizerFactory$DisableAutoConfigurationContextCustomizer@4c398c80, org.springframework.boot.test.autoconfigure.actuate.observability.ObservabilityContextCustomizerFactory$DisableObservabilityContextCustomizer@1f, org.springframework.boot.test.autoconfigure.filter.TypeExcludeFiltersContextCustomizer@334bc8b0, org.springframework.boot.test.autoconfigure.properties.PropertyMappingContextCustomizer@f22a0544, org.springframework.boot.test.autoconfigure.web.servlet.WebDriverContextCustomizer@4cc6fa2a, [ImportsContextCustomizer@6cbdd1c5 key = [org.springframework.boot.autoconfigure.task.TaskExecutionAutoConfiguration, org.springframework.boot.autoconfigure.cache.CacheAutoConfiguration, org.springframework.boot.autoconfigure.web.servlet.HttpEncodingAutoConfiguration, org.springframework.boot.autoconfigure.validation.ValidationAutoConfiguration, org.springframework.boot.autoconfigure.context.MessageSourceAutoConfiguration, org.springframework.boot.autoconfigure.hateoas.HypermediaAutoConfiguration, org.springframework.boot.autoconfigure.data.web.SpringDataWebAutoConfiguration, org.springframework.boot.autoconfigure.jackson.JacksonAutoConfiguration, org.springframework.boot.test.autoconfigure.web.reactive.WebTestClientAutoConfiguration, org.springframework.boot.autoconfigure.web.servlet.error.ErrorMvcAutoConfiguration, org.springframework.boot.test.autoconfigure.web.servlet.MockMvcAutoConfiguration, org.springframework.boot.autoconfigure.security.servlet.SecurityAutoConfiguration, org.springframework.boot.autoconfigure.security.servlet.SecurityFilterAutoConfiguration, org.springframework.boot.autoconfigure.http.HttpMessageConvertersAutoConfiguration, com.green.greengram4.MockMvcConfig$MockMvc, org.springframework.boot.autoconfigure.security.oauth2.client.servlet.OAuth2ClientAutoConfiguration, org.springframework.boot.test.autoconfigure.web.servlet.MockMvcSecurityConfiguration, org.springframework.boot.test.autoconfigure.web.servlet.MockMvcWebClientAutoConfiguration, org.springframework.boot.test.autoconfigure.web.servlet.MockMvcWebDriverAutoConfiguration, org.springframework.boot.autoconfigure.thymeleaf.ThymeleafAutoConfiguration, org.springframework.boot.autoconfigure.gson.GsonAutoConfiguration, org.springframework.boot.autoconfigure.jsonb.JsonbAutoConfiguration, org.springframework.boot.autoconfigure.freemarker.FreeMarkerAutoConfiguration, org.springframework.boot.autoconfigure.web.servlet.WebMvcAutoConfiguration, org.springframework.boot.autoconfigure.security.servlet.UserDetailsServiceAutoConfiguration, org.springframework.boot.autoconfigure.security.oauth2.resource.servlet.OAuth2ResourceServerAutoConfiguration, org.springframework.boot.autoconfigure.groovy.template.GroovyTemplateAutoConfiguration, org.springframework.boot.autoconfigure.mustache.MustacheAutoConfiguration]], org.springframework.boot.test.context.filter.ExcludeFilterContextCustomizer@5b04476e, org.springframework.boot.test.json.DuplicateJsonObjectContextCustomizerFactory$DuplicateJsonObjectContextCustomizer@c260bdc, org.springframework.boot.test.mock.mockito.MockitoContextCustomizer@48a9041b, org.springframework.boot.test.context.SpringBootTestAnnotation@58545420], resourceBasePath = "src/main/webapp", contextLoader = org.springframework.boot.test.context.SpringBootContextLoader, parent = null]
	at org.springframework.test.context.cache.DefaultCacheAwareContextLoaderDelegate.loadContext(DefaultCacheAwareContextLoaderDelegate.java:180)
	at org.springframework.test.context.support.DefaultTestContext.getApplicationContext(DefaultTestContext.java:130)
	at org.springframework.boot.test.mock.mockito.MockitoTestExecutionListener.postProcessFields(MockitoTestExecutionListener.java:110)
	at org.springframework.boot.test.mock.mockito.MockitoTestExecutionListener.injectFields(MockitoTestExecutionListener.java:94)
	at org.springframework.boot.test.mock.mockito.MockitoTestExecutionListener.prepareTestInstance(MockitoTestExecutionListener.java:61)
	at org.springframework.test.context.TestContextManager.prepareTestInstance(TestContextManager.java:260)
	at org.springframework.test.context.junit.jupiter.SpringExtension.postProcessTestInstance(SpringExtension.java:163)
	at org.junit.jupiter.engine.descriptor.ClassBasedTestDescriptor.lambda$invokeTestInstancePostProcessors$10(ClassBasedTestDescriptor.java:378)
	at org.junit.jupiter.engine.descriptor.ClassBasedTestDescriptor.executeAndMaskThrowable(ClassBasedTestDescriptor.java:383)
	at org.junit.jupiter.engine.descriptor.ClassBasedTestDescriptor.lambda$invokeTestInstancePostProcessors$11(ClassBasedTestDescriptor.java:378)
	at java.base/java.util.stream.ReferencePipeline$3$1.accept(ReferencePipeline.java:197)
	at java.base/java.util.stream.ReferencePipeline$2$1.accept(ReferencePipeline.java:179)
	at java.base/java.util.ArrayList$ArrayListSpliterator.forEachRemaining(ArrayList.java:1625)
	at java.base/java.util.stream.AbstractPipeline.copyInto(AbstractPipeline.java:509)
	at java.base/java.util.stream.AbstractPipeline.wrapAndCopyInto(AbstractPipeline.java:499)
	at java.base/java.util.stream.StreamSpliterators$WrappingSpliterator.forEachRemaining(StreamSpliterators.java:310)
	at java.base/java.util.stream.Streams$ConcatSpliterator.forEachRemaining(Streams.java:735)
	at java.base/java.util.stream.Streams$ConcatSpliterator.forEachRemaining(Streams.java:734)
	at java.base/java.util.stream.ReferencePipeline$Head.forEach(ReferencePipeline.java:762)
	at org.junit.jupiter.engine.descriptor.ClassBasedTestDescriptor.invokeTestInstancePostProcessors(ClassBasedTestDescriptor.java:377)
	at org.junit.jupiter.engine.descriptor.ClassBasedTestDescriptor.lambda$instantiateAndPostProcessTestInstance$6(ClassBasedTestDescriptor.java:290)
	at org.junit.platform.engine.support.hierarchical.ThrowableCollector.execute(ThrowableCollector.java:73)
	at org.junit.jupiter.engine.descriptor.ClassBasedTestDescriptor.instantiateAndPostProcessTestInstance(ClassBasedTestDescriptor.java:289)
	at org.junit.jupiter.engine.descriptor.ClassBasedTestDescriptor.lambda$testInstancesProvider$4(ClassBasedTestDescriptor.java:279)
	at java.base/java.util.Optional.orElseGet(Optional.java:364)
	at org.junit.jupiter.engine.descriptor.ClassBasedTestDescriptor.lambda$testInstancesProvider$5(ClassBasedTestDescriptor.java:278)
	at org.junit.jupiter.engine.execution.TestInstancesProvider.getTestInstances(TestInstancesProvider.java:31)
	at org.junit.jupiter.engine.descriptor.TestMethodTestDescriptor.lambda$prepare$0(TestMethodTestDescriptor.java:106)
	at org.junit.platform.engine.support.hierarchical.ThrowableCollector.execute(ThrowableCollector.java:73)
	at org.junit.jupiter.engine.descriptor.TestMethodTestDescriptor.prepare(TestMethodTestDescriptor.java:105)
	at org.junit.jupiter.engine.descriptor.TestMethodTestDescriptor.prepare(TestMethodTestDescriptor.java:69)
	at org.junit.platform.engine.support.hierarchical.NodeTestTask.lambda$prepare$2(NodeTestTask.java:123)
	at org.junit.platform.engine.support.hierarchical.ThrowableCollector.execute(ThrowableCollector.java:73)
	at org.junit.platform.engine.support.hierarchical.NodeTestTask.prepare(NodeTestTask.java:123)
	at org.junit.platform.engine.support.hierarchical.NodeTestTask.execute(NodeTestTask.java:90)
	at java.base/java.util.ArrayList.forEach(ArrayList.java:1511)
	at org.junit.platform.engine.support.hierarchical.SameThreadHierarchicalTestExecutorService.invokeAll(SameThreadHierarchicalTestExecutorService.java:41)
	at org.junit.platform.engine.support.hierarchical.NodeTestTask.lambda$executeRecursively$6(NodeTestTask.java:155)
	at org.junit.platform.engine.support.hierarchical.ThrowableCollector.execute(ThrowableCollector.java:73)
	at org.junit.platform.engine.support.hierarchical.NodeTestTask.lambda$executeRecursively$8(NodeTestTask.java:141)
	at org.junit.platform.engine.support.hierarchical.Node.around(Node.java:137)
	at org.junit.platform.engine.support.hierarchical.NodeTestTask.lambda$executeRecursively$9(NodeTestTask.java:139)
	at org.junit.platform.engine.support.hierarchical.ThrowableCollector.execute(ThrowableCollector.java:73)
	at org.junit.platform.engine.support.hierarchical.NodeTestTask.executeRecursively(NodeTestTask.java:138)
	at org.junit.platform.engine.support.hierarchical.NodeTestTask.execute(NodeTestTask.java:95)
	at java.base/java.util.ArrayList.forEach(ArrayList.java:1511)
	at org.junit.platform.engine.support.hierarchical.SameThreadHierarchicalTestExecutorService.invokeAll(SameThreadHierarchicalTestExecutorService.java:41)
	at org.junit.platform.engine.support.hierarchical.NodeTestTask.lambda$executeRecursively$6(NodeTestTask.java:155)
	at org.junit.platform.engine.support.hierarchical.ThrowableCollector.execute(ThrowableCollector.java:73)
	at org.junit.platform.engine.support.hierarchical.NodeTestTask.lambda$executeRecursively$8(NodeTestTask.java:141)
	at org.junit.platform.engine.support.hierarchical.Node.around(Node.java:137)
	at org.junit.platform.engine.support.hierarchical.NodeTestTask.lambda$executeRecursively$9(NodeTestTask.java:139)
	at org.junit.platform.engine.support.hierarchical.ThrowableCollector.execute(ThrowableCollector.java:73)
	at org.junit.platform.engine.support.hierarchical.NodeTestTask.executeRecursively(NodeTestTask.java:138)
	at org.junit.platform.engine.support.hierarchical.NodeTestTask.execute(NodeTestTask.java:95)
	at org.junit.platform.engine.support.hierarchical.SameThreadHierarchicalTestExecutorService.submit(SameThreadHierarchicalTestExecutorService.java:35)
	at org.junit.platform.engine.support.hierarchical.HierarchicalTestExecutor.execute(HierarchicalTestExecutor.java:57)
	at org.junit.platform.engine.support.hierarchical.HierarchicalTestEngine.execute(HierarchicalTestEngine.java:54)
	at org.junit.platform.launcher.core.EngineExecutionOrchestrator.execute(EngineExecutionOrchestrator.java:107)
	at org.junit.platform.launcher.core.EngineExecutionOrchestrator.execute(EngineExecutionOrchestrator.java:88)
	at org.junit.platform.launcher.core.EngineExecutionOrchestrator.lambda$execute$0(EngineExecutionOrchestrator.java:54)
	at org.junit.platform.launcher.core.EngineExecutionOrchestrator.withInterceptedStreams(EngineExecutionOrchestrator.java:67)
	at org.junit.platform.launcher.core.EngineExecutionOrchestrator.execute(EngineExecutionOrchestrator.java:52)
	at org.junit.platform.launcher.core.DefaultLauncher.execute(DefaultLauncher.java:114)
	at org.junit.platform.launcher.core.DefaultLauncher.execute(DefaultLauncher.java:86)
	at org.junit.platform.launcher.core.DefaultLauncherSession$DelegatingLauncher.execute(DefaultLauncherSession.java:86)
	at org.gradle.api.internal.tasks.testing.junitplatform.JUnitPlatformTestClassProcessor$CollectAllTestClassesExecutor.processAllTestClasses(JUnitPlatformTestClassProcessor.java:119)
	at org.gradle.api.internal.tasks.testing.junitplatform.JUnitPlatformTestClassProcessor$CollectAllTestClassesExecutor.access$000(JUnitPlatformTestClassProcessor.java:94)
	at org.gradle.api.internal.tasks.testing.junitplatform.JUnitPlatformTestClassProcessor.stop(JUnitPlatformTestClassProcessor.java:89)
	at org.gradle.api.internal.tasks.testing.SuiteTestClassProcessor.stop(SuiteTestClassProcessor.java:62)
	at java.base/jdk.internal.reflect.NativeMethodAccessorImpl.invoke0(Native Method)
	at java.base/jdk.internal.reflect.NativeMethodAccessorImpl.invoke(NativeMethodAccessorImpl.java:77)
	at java.base/jdk.internal.reflect.DelegatingMethodAccessorImpl.invoke(DelegatingMethodAccessorImpl.java:43)
	at java.base/java.lang.reflect.Method.invoke(Method.java:568)
	at org.gradle.internal.dispatch.ReflectionDispatch.dispatch(ReflectionDispatch.java:36)
	at org.gradle.internal.dispatch.ReflectionDispatch.dispatch(ReflectionDispatch.java:24)
	at org.gradle.internal.dispatch.ContextClassLoaderDispatch.dispatch(ContextClassLoaderDispatch.java:33)
	at org.gradle.internal.dispatch.ProxyDispatchAdapter$DispatchingInvocationHandler.invoke(ProxyDispatchAdapter.java:94)
	at jdk.proxy1/jdk.proxy1.$Proxy2.stop(Unknown Source)
	at org.gradle.api.internal.tasks.testing.worker.TestWorker$3.run(TestWorker.java:193)
	at org.gradle.api.internal.tasks.testing.worker.TestWorker.executeAndMaintainThreadName(TestWorker.java:129)
	at org.gradle.api.internal.tasks.testing.worker.TestWorker.execute(TestWorker.java:100)
	at org.gradle.api.internal.tasks.testing.worker.TestWorker.execute(TestWorker.java:60)
	at org.gradle.process.internal.worker.child.ActionExecutionWorker.execute(ActionExecutionWorker.java:56)
	at org.gradle.process.internal.worker.child.SystemApplicationClassLoaderWorker.call(SystemApplicationClassLoaderWorker.java:113)
	at org.gradle.process.internal.worker.child.SystemApplicationClassLoaderWorker.call(SystemApplicationClassLoaderWorker.java:65)
	at worker.org.gradle.process.internal.worker.GradleWorkerMain.run(GradleWorkerMain.java:69)
	at worker.org.gradle.process.internal.worker.GradleWorkerMain.main(GradleWorkerMain.java:74)
Caused by: org.springframework.beans.factory.UnsatisfiedDependencyException: Error creating bean with name 'jwtAuthenticationFilter' defined in file [D:\2023_second\java\greengram4\build\classes\java\main\com\green\greengram4\security\JwtAuthenticationFilter.class]: Unsatisfied dependency expressed through constructor parameter 0: No qualifying bean of type 'com.green.greengram4.security.JwtTokenProvider' available: expected at least 1 bean which qualifies as autowire candidate. Dependency annotations: {}
	at org.springframework.beans.factory.support.ConstructorResolver.createArgumentArray(ConstructorResolver.java:802)
	at org.springframework.beans.factory.support.ConstructorResolver.autowireConstructor(ConstructorResolver.java:241)
	at org.springframework.beans.factory.support.AbstractAutowireCapableBeanFactory.autowireConstructor(AbstractAutowireCapableBeanFactory.java:1354)
	at org.springframework.beans.factory.support.AbstractAutowireCapableBeanFactory.createBeanInstance(AbstractAutowireCapableBeanFactory.java:1191)
	at org.springframework.beans.factory.support.AbstractAutowireCapableBeanFactory.doCreateBean(AbstractAutowireCapableBeanFactory.java:561)
	at org.springframework.beans.factory.support.AbstractAutowireCapableBeanFactory.createBean(AbstractAutowireCapableBeanFactory.java:521)
	at org.springframework.beans.factory.support.AbstractBeanFactory.lambda$doGetBean$0(AbstractBeanFactory.java:325)
	at org.springframework.beans.factory.support.DefaultSingletonBeanRegistry.getSingleton(DefaultSingletonBeanRegistry.java:234)
	at org.springframework.beans.factory.support.AbstractBeanFactory.doGetBean(AbstractBeanFactory.java:323)
	at org.springframework.beans.factory.support.AbstractBeanFactory.getBean(AbstractBeanFactory.java:199)
	at org.springframework.beans.factory.support.DefaultListableBeanFactory.preInstantiateSingletons(DefaultListableBeanFactory.java:975)
	at org.springframework.context.support.AbstractApplicationContext.finishBeanFactoryInitialization(AbstractApplicationContext.java:960)
	at org.springframework.context.support.AbstractApplicationContext.refresh(AbstractApplicationContext.java:625)
	at org.springframework.boot.SpringApplication.refresh(SpringApplication.java:762)
	at org.springframework.boot.SpringApplication.refreshContext(SpringApplication.java:464)
	at org.springframework.boot.SpringApplication.run(SpringApplication.java:334)
	at org.springframework.boot.test.context.SpringBootContextLoader.lambda$loadContext$3(SpringBootContextLoader.java:137)
	at org.springframework.util.function.ThrowingSupplier.get(ThrowingSupplier.java:58)
	at org.springframework.util.function.ThrowingSupplier.get(ThrowingSupplier.java:46)
	at org.springframework.boot.SpringApplication.withHook(SpringApplication.java:1458)
	at org.springframework.boot.test.context.SpringBootContextLoader$ContextLoaderHook.run(SpringBootContextLoader.java:552)
	at org.springframework.boot.test.context.SpringBootContextLoader.loadContext(SpringBootContextLoader.java:137)
	at org.springframework.boot.test.context.SpringBootContextLoader.loadContext(SpringBootContextLoader.java:108)
	at org.springframework.test.context.cache.DefaultCacheAwareContextLoaderDelegate.loadContextInternal(DefaultCacheAwareContextLoaderDelegate.java:225)
	at org.springframework.test.context.cache.DefaultCacheAwareContextLoaderDelegate.loadContext(DefaultCacheAwareContextLoaderDelegate.java:152)
	... 87 common frames omitted
Caused by: org.springframework.beans.factory.NoSuchBeanDefinitionException: No qualifying bean of type 'com.green.greengram4.security.JwtTokenProvider' available: expected at least 1 bean which qualifies as autowire candidate. Dependency annotations: {}
	at org.springframework.beans.factory.support.DefaultListableBeanFactory.raiseNoMatchingBeanFound(DefaultListableBeanFactory.java:1880)
	at org.springframework.beans.factory.support.DefaultListableBeanFactory.doResolveDependency(DefaultListableBeanFactory.java:1406)
	at org.springframework.beans.factory.support.DefaultListableBeanFactory.resolveDependency(DefaultListableBeanFactory.java:1353)
	at org.springframework.beans.factory.support.ConstructorResolver.resolveAutowiredArgument(ConstructorResolver.java:911)
	at org.springframework.beans.factory.support.ConstructorResolver.createArgumentArray(ConstructorResolver.java:789)
	... 111 common frames omitted
[2024-01-30 09:40:25 INFO  background-preinit] [org.hibernate.validator.internal.util.Version] HV000001: Hibernate Validator 8.0.1.Final
[2024-01-30 09:40:25 INFO  Test worker] [com.green.greengram4.feed.FeedControllerTest] Starting FeedControllerTest using Java 17.0.8.1 with PID 8892 (started by Administrator in D:\2023_second\java\greengram4)
[2024-01-30 09:40:25 INFO  Test worker] [com.green.greengram4.feed.FeedControllerTest] No active profile set, falling back to 1 default profile: "default"
[2024-01-30 09:40:26 WARN  Test worker] [org.springframework.web.context.support.GenericWebApplicationContext] Exception encountered during context initialization - cancelling refresh attempt: org.springframework.beans.factory.UnsatisfiedDependencyException: Error creating bean with name 'jwtAuthenticationFilter' defined in file [D:\2023_second\java\greengram4\build\classes\java\main\com\green\greengram4\security\JwtAuthenticationFilter.class]: Unsatisfied dependency expressed through constructor parameter 0: No qualifying bean of type 'com.green.greengram4.security.JwtTokenProvider' available: expected at least 1 bean which qualifies as autowire candidate. Dependency annotations: {}
[2024-01-30 09:40:26 INFO  Test worker] [org.springframework.boot.autoconfigure.logging.ConditionEvaluationReportLogger] 

Error starting ApplicationContext. To display the condition evaluation report re-run your application with 'debug' enabled.
[2024-01-30 09:40:26 ERROR Test worker] [org.springframework.boot.diagnostics.LoggingFailureAnalysisReporter] 

***************************
APPLICATION FAILED TO START
***************************

Description:

Parameter 0 of constructor in com.green.greengram4.security.JwtAuthenticationFilter required a bean of type 'com.green.greengram4.security.JwtTokenProvider' that could not be found.


Action:

Consider defining a bean of type 'com.green.greengram4.security.JwtTokenProvider' in your configuration.

[2024-01-30 09:40:26 WARN  Test worker] [org.springframework.test.context.TestContextManager] Caught exception while allowing TestExecutionListener [org.springframework.boot.test.mock.mockito.MockitoTestExecutionListener] to prepare test instance [com.green.greengram4.feed.FeedControllerTest@1aac0a47]
java.lang.IllegalStateException: Failed to load ApplicationContext for [WebMergedContextConfiguration@586728e8 testClass = com.green.greengram4.feed.FeedControllerTest, locations = [], classes = [com.green.greengram4.Greengram4Application], contextInitializerClasses = [], activeProfiles = [], propertySourceDescriptors = [], propertySourceProperties = ["org.springframework.boot.test.autoconfigure.web.servlet.WebMvcTestContextBootstrapper=true"], contextCustomizers = [org.springframework.boot.test.autoconfigure.OverrideAutoConfigurationContextCustomizerFactory$DisableAutoConfigurationContextCustomizer@4c398c80, org.springframework.boot.test.autoconfigure.actuate.observability.ObservabilityContextCustomizerFactory$DisableObservabilityContextCustomizer@1f, org.springframework.boot.test.autoconfigure.filter.TypeExcludeFiltersContextCustomizer@334bc8b0, org.springframework.boot.test.autoconfigure.properties.PropertyMappingContextCustomizer@f22a0544, org.springframework.boot.test.autoconfigure.web.servlet.WebDriverContextCustomizer@4cc6fa2a, [ImportsContextCustomizer@72324965 key = [org.springframework.boot.autoconfigure.task.TaskExecutionAutoConfiguration, org.springframework.boot.autoconfigure.cache.CacheAutoConfiguration, org.springframework.boot.autoconfigure.web.servlet.HttpEncodingAutoConfiguration, org.springframework.boot.autoconfigure.validation.ValidationAutoConfiguration, org.springframework.boot.autoconfigure.context.MessageSourceAutoConfiguration, org.springframework.boot.autoconfigure.hateoas.HypermediaAutoConfiguration, org.springframework.boot.autoconfigure.data.web.SpringDataWebAutoConfiguration, org.springframework.boot.autoconfigure.jackson.JacksonAutoConfiguration, org.springframework.boot.test.autoconfigure.web.reactive.WebTestClientAutoConfiguration, org.springframework.boot.autoconfigure.web.servlet.error.ErrorMvcAutoConfiguration, org.springframework.boot.test.autoconfigure.web.servlet.MockMvcAutoConfiguration, org.springframework.boot.autoconfigure.security.servlet.SecurityAutoConfiguration, org.springframework.boot.autoconfigure.security.servlet.SecurityFilterAutoConfiguration, org.springframework.boot.autoconfigure.http.HttpMessageConvertersAutoConfiguration, com.green.greengram4.MockMvcConfig$MockMvc, org.springframework.boot.autoconfigure.security.oauth2.client.servlet.OAuth2ClientAutoConfiguration, org.springframework.boot.test.autoconfigure.web.servlet.MockMvcSecurityConfiguration, org.springframework.boot.test.autoconfigure.web.servlet.MockMvcWebClientAutoConfiguration, org.springframework.boot.test.autoconfigure.web.servlet.MockMvcWebDriverAutoConfiguration, org.springframework.boot.autoconfigure.thymeleaf.ThymeleafAutoConfiguration, org.springframework.boot.autoconfigure.gson.GsonAutoConfiguration, org.springframework.boot.autoconfigure.jsonb.JsonbAutoConfiguration, org.springframework.boot.autoconfigure.freemarker.FreeMarkerAutoConfiguration, org.springframework.boot.autoconfigure.web.servlet.WebMvcAutoConfiguration, org.springframework.boot.autoconfigure.security.servlet.UserDetailsServiceAutoConfiguration, org.springframework.boot.autoconfigure.security.oauth2.resource.servlet.OAuth2ResourceServerAutoConfiguration, org.springframework.boot.autoconfigure.groovy.template.GroovyTemplateAutoConfiguration, org.springframework.boot.autoconfigure.mustache.MustacheAutoConfiguration]], org.springframework.boot.test.context.filter.ExcludeFilterContextCustomizer@5b04476e, org.springframework.boot.test.json.DuplicateJsonObjectContextCustomizerFactory$DuplicateJsonObjectContextCustomizer@c260bdc, org.springframework.boot.test.mock.mockito.MockitoContextCustomizer@48a9041b, org.springframework.boot.test.context.SpringBootTestAnnotation@58545420], resourceBasePath = "src/main/webapp", contextLoader = org.springframework.boot.test.context.SpringBootContextLoader, parent = null]
	at org.springframework.test.context.cache.DefaultCacheAwareContextLoaderDelegate.loadContext(DefaultCacheAwareContextLoaderDelegate.java:180)
	at org.springframework.test.context.support.DefaultTestContext.getApplicationContext(DefaultTestContext.java:130)
	at org.springframework.boot.test.mock.mockito.MockitoTestExecutionListener.postProcessFields(MockitoTestExecutionListener.java:110)
	at org.springframework.boot.test.mock.mockito.MockitoTestExecutionListener.injectFields(MockitoTestExecutionListener.java:94)
	at org.springframework.boot.test.mock.mockito.MockitoTestExecutionListener.prepareTestInstance(MockitoTestExecutionListener.java:61)
	at org.springframework.test.context.TestContextManager.prepareTestInstance(TestContextManager.java:260)
	at org.springframework.test.context.junit.jupiter.SpringExtension.postProcessTestInstance(SpringExtension.java:163)
	at org.junit.jupiter.engine.descriptor.ClassBasedTestDescriptor.lambda$invokeTestInstancePostProcessors$10(ClassBasedTestDescriptor.java:378)
	at org.junit.jupiter.engine.descriptor.ClassBasedTestDescriptor.executeAndMaskThrowable(ClassBasedTestDescriptor.java:383)
	at org.junit.jupiter.engine.descriptor.ClassBasedTestDescriptor.lambda$invokeTestInstancePostProcessors$11(ClassBasedTestDescriptor.java:378)
	at java.base/java.util.stream.ReferencePipeline$3$1.accept(ReferencePipeline.java:197)
	at java.base/java.util.stream.ReferencePipeline$2$1.accept(ReferencePipeline.java:179)
	at java.base/java.util.ArrayList$ArrayListSpliterator.forEachRemaining(ArrayList.java:1625)
	at java.base/java.util.stream.AbstractPipeline.copyInto(AbstractPipeline.java:509)
	at java.base/java.util.stream.AbstractPipeline.wrapAndCopyInto(AbstractPipeline.java:499)
	at java.base/java.util.stream.StreamSpliterators$WrappingSpliterator.forEachRemaining(StreamSpliterators.java:310)
	at java.base/java.util.stream.Streams$ConcatSpliterator.forEachRemaining(Streams.java:735)
	at java.base/java.util.stream.Streams$ConcatSpliterator.forEachRemaining(Streams.java:734)
	at java.base/java.util.stream.ReferencePipeline$Head.forEach(ReferencePipeline.java:762)
	at org.junit.jupiter.engine.descriptor.ClassBasedTestDescriptor.invokeTestInstancePostProcessors(ClassBasedTestDescriptor.java:377)
	at org.junit.jupiter.engine.descriptor.ClassBasedTestDescriptor.lambda$instantiateAndPostProcessTestInstance$6(ClassBasedTestDescriptor.java:290)
	at org.junit.platform.engine.support.hierarchical.ThrowableCollector.execute(ThrowableCollector.java:73)
	at org.junit.jupiter.engine.descriptor.ClassBasedTestDescriptor.instantiateAndPostProcessTestInstance(ClassBasedTestDescriptor.java:289)
	at org.junit.jupiter.engine.descriptor.ClassBasedTestDescriptor.lambda$testInstancesProvider$4(ClassBasedTestDescriptor.java:279)
	at java.base/java.util.Optional.orElseGet(Optional.java:364)
	at org.junit.jupiter.engine.descriptor.ClassBasedTestDescriptor.lambda$testInstancesProvider$5(ClassBasedTestDescriptor.java:278)
	at org.junit.jupiter.engine.execution.TestInstancesProvider.getTestInstances(TestInstancesProvider.java:31)
	at org.junit.jupiter.engine.descriptor.TestMethodTestDescriptor.lambda$prepare$0(TestMethodTestDescriptor.java:106)
	at org.junit.platform.engine.support.hierarchical.ThrowableCollector.execute(ThrowableCollector.java:73)
	at org.junit.jupiter.engine.descriptor.TestMethodTestDescriptor.prepare(TestMethodTestDescriptor.java:105)
	at org.junit.jupiter.engine.descriptor.TestMethodTestDescriptor.prepare(TestMethodTestDescriptor.java:69)
	at org.junit.platform.engine.support.hierarchical.NodeTestTask.lambda$prepare$2(NodeTestTask.java:123)
	at org.junit.platform.engine.support.hierarchical.ThrowableCollector.execute(ThrowableCollector.java:73)
	at org.junit.platform.engine.support.hierarchical.NodeTestTask.prepare(NodeTestTask.java:123)
	at org.junit.platform.engine.support.hierarchical.NodeTestTask.execute(NodeTestTask.java:90)
	at java.base/java.util.ArrayList.forEach(ArrayList.java:1511)
	at org.junit.platform.engine.support.hierarchical.SameThreadHierarchicalTestExecutorService.invokeAll(SameThreadHierarchicalTestExecutorService.java:41)
	at org.junit.platform.engine.support.hierarchical.NodeTestTask.lambda$executeRecursively$6(NodeTestTask.java:155)
	at org.junit.platform.engine.support.hierarchical.ThrowableCollector.execute(ThrowableCollector.java:73)
	at org.junit.platform.engine.support.hierarchical.NodeTestTask.lambda$executeRecursively$8(NodeTestTask.java:141)
	at org.junit.platform.engine.support.hierarchical.Node.around(Node.java:137)
	at org.junit.platform.engine.support.hierarchical.NodeTestTask.lambda$executeRecursively$9(NodeTestTask.java:139)
	at org.junit.platform.engine.support.hierarchical.ThrowableCollector.execute(ThrowableCollector.java:73)
	at org.junit.platform.engine.support.hierarchical.NodeTestTask.executeRecursively(NodeTestTask.java:138)
	at org.junit.platform.engine.support.hierarchical.NodeTestTask.execute(NodeTestTask.java:95)
	at java.base/java.util.ArrayList.forEach(ArrayList.java:1511)
	at org.junit.platform.engine.support.hierarchical.SameThreadHierarchicalTestExecutorService.invokeAll(SameThreadHierarchicalTestExecutorService.java:41)
	at org.junit.platform.engine.support.hierarchical.NodeTestTask.lambda$executeRecursively$6(NodeTestTask.java:155)
	at org.junit.platform.engine.support.hierarchical.ThrowableCollector.execute(ThrowableCollector.java:73)
	at org.junit.platform.engine.support.hierarchical.NodeTestTask.lambda$executeRecursively$8(NodeTestTask.java:141)
	at org.junit.platform.engine.support.hierarchical.Node.around(Node.java:137)
	at org.junit.platform.engine.support.hierarchical.NodeTestTask.lambda$executeRecursively$9(NodeTestTask.java:139)
	at org.junit.platform.engine.support.hierarchical.ThrowableCollector.execute(ThrowableCollector.java:73)
	at org.junit.platform.engine.support.hierarchical.NodeTestTask.executeRecursively(NodeTestTask.java:138)
	at org.junit.platform.engine.support.hierarchical.NodeTestTask.execute(NodeTestTask.java:95)
	at org.junit.platform.engine.support.hierarchical.SameThreadHierarchicalTestExecutorService.submit(SameThreadHierarchicalTestExecutorService.java:35)
	at org.junit.platform.engine.support.hierarchical.HierarchicalTestExecutor.execute(HierarchicalTestExecutor.java:57)
	at org.junit.platform.engine.support.hierarchical.HierarchicalTestEngine.execute(HierarchicalTestEngine.java:54)
	at org.junit.platform.launcher.core.EngineExecutionOrchestrator.execute(EngineExecutionOrchestrator.java:107)
	at org.junit.platform.launcher.core.EngineExecutionOrchestrator.execute(EngineExecutionOrchestrator.java:88)
	at org.junit.platform.launcher.core.EngineExecutionOrchestrator.lambda$execute$0(EngineExecutionOrchestrator.java:54)
	at org.junit.platform.launcher.core.EngineExecutionOrchestrator.withInterceptedStreams(EngineExecutionOrchestrator.java:67)
	at org.junit.platform.launcher.core.EngineExecutionOrchestrator.execute(EngineExecutionOrchestrator.java:52)
	at org.junit.platform.launcher.core.DefaultLauncher.execute(DefaultLauncher.java:114)
	at org.junit.platform.launcher.core.DefaultLauncher.execute(DefaultLauncher.java:86)
	at org.junit.platform.launcher.core.DefaultLauncherSession$DelegatingLauncher.execute(DefaultLauncherSession.java:86)
	at org.gradle.api.internal.tasks.testing.junitplatform.JUnitPlatformTestClassProcessor$CollectAllTestClassesExecutor.processAllTestClasses(JUnitPlatformTestClassProcessor.java:119)
	at org.gradle.api.internal.tasks.testing.junitplatform.JUnitPlatformTestClassProcessor$CollectAllTestClassesExecutor.access$000(JUnitPlatformTestClassProcessor.java:94)
	at org.gradle.api.internal.tasks.testing.junitplatform.JUnitPlatformTestClassProcessor.stop(JUnitPlatformTestClassProcessor.java:89)
	at org.gradle.api.internal.tasks.testing.SuiteTestClassProcessor.stop(SuiteTestClassProcessor.java:62)
	at java.base/jdk.internal.reflect.NativeMethodAccessorImpl.invoke0(Native Method)
	at java.base/jdk.internal.reflect.NativeMethodAccessorImpl.invoke(NativeMethodAccessorImpl.java:77)
	at java.base/jdk.internal.reflect.DelegatingMethodAccessorImpl.invoke(DelegatingMethodAccessorImpl.java:43)
	at java.base/java.lang.reflect.Method.invoke(Method.java:568)
	at org.gradle.internal.dispatch.ReflectionDispatch.dispatch(ReflectionDispatch.java:36)
	at org.gradle.internal.dispatch.ReflectionDispatch.dispatch(ReflectionDispatch.java:24)
	at org.gradle.internal.dispatch.ContextClassLoaderDispatch.dispatch(ContextClassLoaderDispatch.java:33)
	at org.gradle.internal.dispatch.ProxyDispatchAdapter$DispatchingInvocationHandler.invoke(ProxyDispatchAdapter.java:94)
	at jdk.proxy1/jdk.proxy1.$Proxy2.stop(Unknown Source)
	at org.gradle.api.internal.tasks.testing.worker.TestWorker$3.run(TestWorker.java:193)
	at org.gradle.api.internal.tasks.testing.worker.TestWorker.executeAndMaintainThreadName(TestWorker.java:129)
	at org.gradle.api.internal.tasks.testing.worker.TestWorker.execute(TestWorker.java:100)
	at org.gradle.api.internal.tasks.testing.worker.TestWorker.execute(TestWorker.java:60)
	at org.gradle.process.internal.worker.child.ActionExecutionWorker.execute(ActionExecutionWorker.java:56)
	at org.gradle.process.internal.worker.child.SystemApplicationClassLoaderWorker.call(SystemApplicationClassLoaderWorker.java:113)
	at org.gradle.process.internal.worker.child.SystemApplicationClassLoaderWorker.call(SystemApplicationClassLoaderWorker.java:65)
	at worker.org.gradle.process.internal.worker.GradleWorkerMain.run(GradleWorkerMain.java:69)
	at worker.org.gradle.process.internal.worker.GradleWorkerMain.main(GradleWorkerMain.java:74)
Caused by: org.springframework.beans.factory.UnsatisfiedDependencyException: Error creating bean with name 'jwtAuthenticationFilter' defined in file [D:\2023_second\java\greengram4\build\classes\java\main\com\green\greengram4\security\JwtAuthenticationFilter.class]: Unsatisfied dependency expressed through constructor parameter 0: No qualifying bean of type 'com.green.greengram4.security.JwtTokenProvider' available: expected at least 1 bean which qualifies as autowire candidate. Dependency annotations: {}
	at org.springframework.beans.factory.support.ConstructorResolver.createArgumentArray(ConstructorResolver.java:802)
	at org.springframework.beans.factory.support.ConstructorResolver.autowireConstructor(ConstructorResolver.java:241)
	at org.springframework.beans.factory.support.AbstractAutowireCapableBeanFactory.autowireConstructor(AbstractAutowireCapableBeanFactory.java:1354)
	at org.springframework.beans.factory.support.AbstractAutowireCapableBeanFactory.createBeanInstance(AbstractAutowireCapableBeanFactory.java:1191)
	at org.springframework.beans.factory.support.AbstractAutowireCapableBeanFactory.doCreateBean(AbstractAutowireCapableBeanFactory.java:561)
	at org.springframework.beans.factory.support.AbstractAutowireCapableBeanFactory.createBean(AbstractAutowireCapableBeanFactory.java:521)
	at org.springframework.beans.factory.support.AbstractBeanFactory.lambda$doGetBean$0(AbstractBeanFactory.java:325)
	at org.springframework.beans.factory.support.DefaultSingletonBeanRegistry.getSingleton(DefaultSingletonBeanRegistry.java:234)
	at org.springframework.beans.factory.support.AbstractBeanFactory.doGetBean(AbstractBeanFactory.java:323)
	at org.springframework.beans.factory.support.AbstractBeanFactory.getBean(AbstractBeanFactory.java:199)
	at org.springframework.beans.factory.support.DefaultListableBeanFactory.preInstantiateSingletons(DefaultListableBeanFactory.java:975)
	at org.springframework.context.support.AbstractApplicationContext.finishBeanFactoryInitialization(AbstractApplicationContext.java:960)
	at org.springframework.context.support.AbstractApplicationContext.refresh(AbstractApplicationContext.java:625)
	at org.springframework.boot.SpringApplication.refresh(SpringApplication.java:762)
	at org.springframework.boot.SpringApplication.refreshContext(SpringApplication.java:464)
	at org.springframework.boot.SpringApplication.run(SpringApplication.java:334)
	at org.springframework.boot.test.context.SpringBootContextLoader.lambda$loadContext$3(SpringBootContextLoader.java:137)
	at org.springframework.util.function.ThrowingSupplier.get(ThrowingSupplier.java:58)
	at org.springframework.util.function.ThrowingSupplier.get(ThrowingSupplier.java:46)
	at org.springframework.boot.SpringApplication.withHook(SpringApplication.java:1458)
	at org.springframework.boot.test.context.SpringBootContextLoader$ContextLoaderHook.run(SpringBootContextLoader.java:552)
	at org.springframework.boot.test.context.SpringBootContextLoader.loadContext(SpringBootContextLoader.java:137)
	at org.springframework.boot.test.context.SpringBootContextLoader.loadContext(SpringBootContextLoader.java:108)
	at org.springframework.test.context.cache.DefaultCacheAwareContextLoaderDelegate.loadContextInternal(DefaultCacheAwareContextLoaderDelegate.java:225)
	at org.springframework.test.context.cache.DefaultCacheAwareContextLoaderDelegate.loadContext(DefaultCacheAwareContextLoaderDelegate.java:152)
	... 87 common frames omitted
Caused by: org.springframework.beans.factory.NoSuchBeanDefinitionException: No qualifying bean of type 'com.green.greengram4.security.JwtTokenProvider' available: expected at least 1 bean which qualifies as autowire candidate. Dependency annotations: {}
	at org.springframework.beans.factory.support.DefaultListableBeanFactory.raiseNoMatchingBeanFound(DefaultListableBeanFactory.java:1880)
	at org.springframework.beans.factory.support.DefaultListableBeanFactory.doResolveDependency(DefaultListableBeanFactory.java:1406)
	at org.springframework.beans.factory.support.DefaultListableBeanFactory.resolveDependency(DefaultListableBeanFactory.java:1353)
	at org.springframework.beans.factory.support.ConstructorResolver.resolveAutowiredArgument(ConstructorResolver.java:911)
	at org.springframework.beans.factory.support.ConstructorResolver.createArgumentArray(ConstructorResolver.java:789)
	... 111 common frames omitted
[2024-01-30 09:40:34 [32mINFO [0;39m background-preinit] [org.hibernate.validator.internal.util.Version] [36mHV000001: Hibernate Validator 8.0.1.Final[0;39m
[2024-01-30 09:40:34 [32mINFO [0;39m restartedMain] [com.green.greengram4.Greengram4Application] [36mStarting Greengram4Application using Java 17.0.8.1 with PID 652 (D:\2023_second\java\greengram4\build\classes\java\main started by Administrator in D:\2023_second\java\greengram4)[0;39m
[2024-01-30 09:40:34 [32mINFO [0;39m restartedMain] [com.green.greengram4.Greengram4Application] [36mNo active profile set, falling back to 1 default profile: "default"[0;39m
[2024-01-30 09:40:34 [32mINFO [0;39m restartedMain] [org.springframework.boot.devtools.env.DevToolsPropertyDefaultsPostProcessor] [36mDevtools property defaults active! Set 'spring.devtools.add-properties' to 'false' to disable[0;39m
[2024-01-30 09:40:34 [32mINFO [0;39m restartedMain] [org.springframework.boot.devtools.env.DevToolsPropertyDefaultsPostProcessor] [36mFor additional web related logging consider setting the 'logging.level.web' property to 'DEBUG'[0;39m
[2024-01-30 09:40:35 [32mINFO [0;39m restartedMain] [org.springframework.boot.web.embedded.tomcat.TomcatWebServer] [36mTomcat initialized with port 8082 (http)[0;39m
[2024-01-30 09:40:35 [32mINFO [0;39m restartedMain] [org.apache.coyote.http11.Http11NioProtocol] [36mInitializing ProtocolHandler ["http-nio-8082"][0;39m
[2024-01-30 09:40:35 [32mINFO [0;39m restartedMain] [org.apache.catalina.core.StandardService] [36mStarting service [Tomcat][0;39m
[2024-01-30 09:40:35 [32mINFO [0;39m restartedMain] [org.apache.catalina.core.StandardEngine] [36mStarting Servlet engine: [Apache Tomcat/10.1.17][0;39m
[2024-01-30 09:40:35 [32mINFO [0;39m restartedMain] [org.apache.catalina.core.ContainerBase.[Tomcat].[localhost].[/]] [36mInitializing Spring embedded WebApplicationContext[0;39m
[2024-01-30 09:40:35 [32mINFO [0;39m restartedMain] [org.springframework.boot.web.servlet.context.ServletWebServerApplicationContext] [36mRoot WebApplicationContext: initialization completed in 1047 ms[0;39m
[2024-01-30 09:40:35 [32mINFO [0;39m restartedMain] [com.green.greengram4.common.FirebaseConfiguration] [36mFirebaseApp Initialization Complete !!![0;39m
[2024-01-30 09:40:36 [33mWARN [0;39m restartedMain] [org.springframework.boot.autoconfigure.security.servlet.UserDetailsServiceAutoConfiguration] [36m

Using generated security password: ef695746-6f4f-4b1d-936b-8d1bed09678d

This generated password is for development use only. Your security configuration must be updated before running your application in production.
[0;39m
[2024-01-30 09:40:36 [32mINFO [0;39m restartedMain] [org.springframework.boot.autoconfigure.web.servlet.WelcomePageHandlerMapping] [36mAdding welcome page: class path resource [static/index.html][0;39m
[2024-01-30 09:40:36 [32mINFO [0;39m restartedMain] [org.springframework.security.web.DefaultSecurityFilterChain] [36mWill secure any request with [org.springframework.security.web.session.DisableEncodeUrlFilter@4df48c87, org.springframework.security.web.context.request.async.WebAsyncManagerIntegrationFilter@5fcf7bea, org.springframework.security.web.context.SecurityContextHolderFilter@7b9d773, org.springframework.security.web.header.HeaderWriterFilter@92995d9, org.springframework.web.filter.CorsFilter@6404fe18, org.springframework.security.web.authentication.logout.LogoutFilter@4162ca8c, com.green.greengram4.security.JwtAuthenticationFilter@294e4a09, org.springframework.security.web.savedrequest.RequestCacheAwareFilter@5c936aa2, org.springframework.security.web.servletapi.SecurityContextHolderAwareRequestFilter@69a984cf, org.springframework.security.web.authentication.AnonymousAuthenticationFilter@318fa1be, org.springframework.security.web.session.SessionManagementFilter@12b5ee6f, org.springframework.security.web.access.ExceptionTranslationFilter@2f527c6f, org.springframework.security.web.access.intercept.AuthorizationFilter@3d95e794][0;39m
[2024-01-30 09:40:36 [32mINFO [0;39m restartedMain] [org.springframework.boot.devtools.autoconfigure.OptionalLiveReloadServer] [36mLiveReload server is running on port 35729[0;39m
[2024-01-30 09:40:36 [32mINFO [0;39m restartedMain] [org.apache.coyote.http11.Http11NioProtocol] [36mStarting ProtocolHandler ["http-nio-8082"][0;39m
[2024-01-30 09:40:36 [32mINFO [0;39m restartedMain] [org.springframework.boot.web.embedded.tomcat.TomcatWebServer] [36mTomcat started on port 8082 (http) with context path ''[0;39m
[2024-01-30 09:40:36 [32mINFO [0;39m restartedMain] [com.green.greengram4.Greengram4Application] [36mStarted Greengram4Application in 2.27 seconds (process running for 2.703)[0;39m
[2024-01-30 09:40:47 [32mINFO [0;39m http-nio-8082-exec-1] [org.apache.catalina.core.ContainerBase.[Tomcat].[localhost].[/]] [36mInitializing Spring DispatcherServlet 'dispatcherServlet'[0;39m
[2024-01-30 09:40:47 [32mINFO [0;39m http-nio-8082-exec-1] [org.springframework.web.servlet.DispatcherServlet] [36mInitializing Servlet 'dispatcherServlet'[0;39m
[2024-01-30 09:40:47 [32mINFO [0;39m http-nio-8082-exec-1] [org.springframework.web.servlet.DispatcherServlet] [36mCompleted initialization in 0 ms[0;39m
[2024-01-30 09:40:47 [32mINFO [0;39m http-nio-8082-exec-1] [com.green.greengram4.security.JwtAuthenticationFilter] [36mjwtAuthentication-Token : null[0;39m
[2024-01-30 09:40:47 [32mINFO [0;39m http-nio-8082-exec-3] [com.green.greengram4.security.JwtAuthenticationFilter] [36mjwtAuthentication-Token : null[0;39m
[2024-01-30 09:40:47 [32mINFO [0;39m http-nio-8082-exec-2] [com.green.greengram4.security.JwtAuthenticationFilter] [36mjwtAuthentication-Token : null[0;39m
[2024-01-30 09:40:47 [32mINFO [0;39m http-nio-8082-exec-4] [com.green.greengram4.security.JwtAuthenticationFilter] [36mjwtAuthentication-Token : null[0;39m
[2024-01-30 09:40:47 [32mINFO [0;39m http-nio-8082-exec-5] [com.green.greengram4.security.JwtAuthenticationFilter] [36mjwtAuthentication-Token : null[0;39m
[2024-01-30 09:40:47 [32mINFO [0;39m http-nio-8082-exec-8] [com.green.greengram4.security.JwtAuthenticationFilter] [36mjwtAuthentication-Token : null[0;39m
[2024-01-30 09:40:47 [32mINFO [0;39m http-nio-8082-exec-7] [com.green.greengram4.security.JwtAuthenticationFilter] [36mjwtAuthentication-Token : null[0;39m
[2024-01-30 09:40:47 [32mINFO [0;39m http-nio-8082-exec-6] [com.green.greengram4.security.JwtAuthenticationFilter] [36mjwtAuthentication-Token : eyJhbGciOiJIUzI1NiJ9.eyJ1c2VyIjoie1wiaXVzZXJcIjo1fSIsImlhdCI6MTcwNTg4NTE4OSwiZXhwIjoxNzA1ODkyMzg5fQ.pDbjNVcSmkGq644DGv21cv8t4DX4iFZwCqrmE69eyr4[0;39m
[2024-01-30 09:40:47 [32mINFO [0;39m http-nio-8082-exec-9] [com.green.greengram4.security.JwtAuthenticationFilter] [36mjwtAuthentication-Token : null[0;39m
[2024-01-30 09:40:47 [32mINFO [0;39m http-nio-8082-exec-10] [com.green.greengram4.security.JwtAuthenticationFilter] [36mjwtAuthentication-Token : null[0;39m
[2024-01-30 09:40:47 [32mINFO [0;39m http-nio-8082-exec-1] [com.green.greengram4.security.JwtAuthenticationFilter] [36mjwtAuthentication-Token : eyJhbGciOiJIUzI1NiJ9.eyJ1c2VyIjoie1wiaXVzZXJcIjo1fSIsImlhdCI6MTcwNTg4NTE4OSwiZXhwIjoxNzA1ODkyMzg5fQ.pDbjNVcSmkGq644DGv21cv8t4DX4iFZwCqrmE69eyr4[0;39m
[2024-01-30 09:40:47 [32mINFO [0;39m http-nio-8082-exec-2] [com.green.greengram4.security.JwtAuthenticationFilter] [36mjwtAuthentication-Token : eyJhbGciOiJIUzI1NiJ9.eyJ1c2VyIjoie1wiaXVzZXJcIjo1fSIsImlhdCI6MTcwNjU3NTI0NywiZXhwIjoxNzA2NTgyNDQ3fQ.F07XngMztjVgy01zbw1-JB1i8zs_xIEECj2ng5kbYS4[0;39m
[2024-01-30 09:40:47 [32mINFO [0;39m http-nio-8082-exec-2] [com.green.greengram4.feed.FeedController] [36mdto: FeedSelDto(page=0, loginedIuser=0, targetIuser=0, isFavList=0, startIdx=0, rowCount=30)[0;39m
[2024-01-30 09:40:47 [32mINFO [0;39m http-nio-8082-exec-2] [com.zaxxer.hikari.HikariDataSource] [36mHikariPool-1 - Starting...[0;39m
[2024-01-30 09:40:47 [32mINFO [0;39m http-nio-8082-exec-2] [com.zaxxer.hikari.pool.HikariPool] [36mHikariPool-1 - Added connection org.mariadb.jdbc.Connection@13ce2c5e[0;39m
[2024-01-30 09:40:47 [32mINFO [0;39m http-nio-8082-exec-2] [com.zaxxer.hikari.HikariDataSource] [36mHikariPool-1 - Start completed.[0;39m
[2024-01-30 09:40:47 [32mINFO [0;39m http-nio-8082-exec-3] [com.green.greengram4.security.JwtAuthenticationFilter] [36mjwtAuthentication-Token : null[0;39m
[2024-01-30 09:40:47 [32mINFO [0;39m http-nio-8082-exec-5] [com.green.greengram4.security.JwtAuthenticationFilter] [36mjwtAuthentication-Token : null[0;39m
[2024-01-30 09:40:47 [32mINFO [0;39m http-nio-8082-exec-8] [com.green.greengram4.security.JwtAuthenticationFilter] [36mjwtAuthentication-Token : null[0;39m
[2024-01-30 09:40:47 [32mINFO [0;39m http-nio-8082-exec-4] [com.green.greengram4.security.JwtAuthenticationFilter] [36mjwtAuthentication-Token : null[0;39m
[2024-01-30 09:40:47 [32mINFO [0;39m http-nio-8082-exec-7] [com.green.greengram4.security.JwtAuthenticationFilter] [36mjwtAuthentication-Token : null[0;39m
[2024-01-30 09:40:47 [32mINFO [0;39m http-nio-8082-exec-10] [com.green.greengram4.security.JwtAuthenticationFilter] [36mjwtAuthentication-Token : null[0;39m
[2024-01-30 09:40:47 [32mINFO [0;39m http-nio-8082-exec-9] [com.green.greengram4.security.JwtAuthenticationFilter] [36mjwtAuthentication-Token : null[0;39m
[2024-01-30 09:40:47 [32mINFO [0;39m http-nio-8082-exec-1] [com.green.greengram4.security.JwtAuthenticationFilter] [36mjwtAuthentication-Token : null[0;39m
[2024-01-30 09:40:47 [32mINFO [0;39m http-nio-8082-exec-6] [com.green.greengram4.security.JwtAuthenticationFilter] [36mjwtAuthentication-Token : null[0;39m
[2024-01-30 09:40:47 [33mWARN [0;39m http-nio-8082-exec-5] [org.springframework.web.servlet.mvc.method.annotation.ExceptionHandlerExceptionResolver] [36mResolved [org.springframework.web.servlet.resource.NoResourceFoundException: No static resource user/3/%EB%8F%99%ED%98%84%EC%96%91.jpg.][0;39m
[2024-01-30 09:40:47 [32mINFO [0;39m http-nio-8082-exec-3] [com.green.greengram4.security.JwtAuthenticationFilter] [36mjwtAuthentication-Token : null[0;39m
[2024-01-30 09:40:50 [32mINFO [0;39m http-nio-8082-exec-8] [com.green.greengram4.security.JwtAuthenticationFilter] [36mjwtAuthentication-Token : null[0;39m
[2024-01-30 09:40:50 [32mINFO [0;39m http-nio-8082-exec-7] [com.green.greengram4.security.JwtAuthenticationFilter] [36mjwtAuthentication-Token : null[0;39m
[2024-01-30 09:40:50 [32mINFO [0;39m http-nio-8082-exec-9] [com.green.greengram4.security.JwtAuthenticationFilter] [36mjwtAuthentication-Token : null[0;39m
[2024-01-30 09:40:50 [32mINFO [0;39m http-nio-8082-exec-4] [com.green.greengram4.security.JwtAuthenticationFilter] [36mjwtAuthentication-Token : null[0;39m
[2024-01-30 09:40:50 [32mINFO [0;39m http-nio-8082-exec-10] [com.green.greengram4.security.JwtAuthenticationFilter] [36mjwtAuthentication-Token : null[0;39m
[2024-01-30 09:40:50 [32mINFO [0;39m http-nio-8082-exec-1] [com.green.greengram4.security.JwtAuthenticationFilter] [36mjwtAuthentication-Token : null[0;39m
[2024-01-30 09:40:50 [32mINFO [0;39m http-nio-8082-exec-6] [com.green.greengram4.security.JwtAuthenticationFilter] [36mjwtAuthentication-Token : eyJhbGciOiJIUzI1NiJ9.eyJ1c2VyIjoie1wiaXVzZXJcIjo1fSIsImlhdCI6MTcwNjU3NTI0NywiZXhwIjoxNzA2NTgyNDQ3fQ.F07XngMztjVgy01zbw1-JB1i8zs_xIEECj2ng5kbYS4[0;39m
[2024-01-30 09:40:51 [32mINFO [0;39m http-nio-8082-exec-6] [com.green.greengram4.feed.FeedController] [36mdto: FeedSelDto(page=0, loginedIuser=0, targetIuser=0, isFavList=0, startIdx=0, rowCount=30)[0;39m
[2024-01-30 09:40:51 [32mINFO [0;39m http-nio-8082-exec-5] [com.green.greengram4.security.JwtAuthenticationFilter] [36mjwtAuthentication-Token : null[0;39m
[2024-01-30 09:40:51 [32mINFO [0;39m http-nio-8082-exec-2] [com.green.greengram4.security.JwtAuthenticationFilter] [36mjwtAuthentication-Token : null[0;39m
[2024-01-30 09:40:51 [32mINFO [0;39m http-nio-8082-exec-3] [com.green.greengram4.security.JwtAuthenticationFilter] [36mjwtAuthentication-Token : null[0;39m
[2024-01-30 09:40:51 [32mINFO [0;39m http-nio-8082-exec-8] [com.green.greengram4.security.JwtAuthenticationFilter] [36mjwtAuthentication-Token : null[0;39m
[2024-01-30 09:40:51 [33mWARN [0;39m http-nio-8082-exec-3] [org.springframework.web.servlet.mvc.method.annotation.ExceptionHandlerExceptionResolver] [36mResolved [org.springframework.web.servlet.resource.NoResourceFoundException: No static resource user/3/%EB%8F%99%ED%98%84%EC%96%91.jpg.][0;39m
[2024-01-30 09:40:51 [32mINFO [0;39m http-nio-8082-exec-4] [com.green.greengram4.security.JwtAuthenticationFilter] [36mjwtAuthentication-Token : null[0;39m
[2024-01-30 09:40:51 [32mINFO [0;39m http-nio-8082-exec-9] [com.green.greengram4.security.JwtAuthenticationFilter] [36mjwtAuthentication-Token : null[0;39m
[2024-01-30 09:40:51 [32mINFO [0;39m http-nio-8082-exec-7] [com.green.greengram4.security.JwtAuthenticationFilter] [36mjwtAuthentication-Token : null[0;39m
[2024-01-30 09:40:51 [32mINFO [0;39m http-nio-8082-exec-1] [com.green.greengram4.security.JwtAuthenticationFilter] [36mjwtAuthentication-Token : null[0;39m
[2024-01-30 09:40:51 [32mINFO [0;39m http-nio-8082-exec-6] [com.green.greengram4.security.JwtAuthenticationFilter] [36mjwtAuthentication-Token : null[0;39m
[2024-01-30 09:40:51 [32mINFO [0;39m http-nio-8082-exec-10] [com.green.greengram4.security.JwtAuthenticationFilter] [36mjwtAuthentication-Token : null[0;39m
[2024-01-30 09:40:53 [32mINFO [0;39m http-nio-8082-exec-5] [com.green.greengram4.security.JwtAuthenticationFilter] [36mjwtAuthentication-Token : null[0;39m
[2024-01-30 09:40:53 [32mINFO [0;39m http-nio-8082-exec-2] [com.green.greengram4.security.JwtAuthenticationFilter] [36mjwtAuthentication-Token : null[0;39m
[2024-01-30 09:40:53 [32mINFO [0;39m http-nio-8082-exec-3] [com.green.greengram4.security.JwtAuthenticationFilter] [36mjwtAuthentication-Token : null[0;39m
[2024-01-30 09:40:53 [32mINFO [0;39m http-nio-8082-exec-4] [com.green.greengram4.security.JwtAuthenticationFilter] [36mjwtAuthentication-Token : null[0;39m
[2024-01-30 09:40:53 [32mINFO [0;39m http-nio-8082-exec-8] [com.green.greengram4.security.JwtAuthenticationFilter] [36mjwtAuthentication-Token : null[0;39m
[2024-01-30 09:40:53 [32mINFO [0;39m http-nio-8082-exec-7] [com.green.greengram4.security.JwtAuthenticationFilter] [36mjwtAuthentication-Token : null[0;39m
[2024-01-30 09:40:53 [32mINFO [0;39m http-nio-8082-exec-9] [com.green.greengram4.security.JwtAuthenticationFilter] [36mjwtAuthentication-Token : null[0;39m
[2024-01-30 09:40:53 [32mINFO [0;39m http-nio-8082-exec-1] [com.green.greengram4.security.JwtAuthenticationFilter] [36mjwtAuthentication-Token : null[0;39m
[2024-01-30 09:40:53 [32mINFO [0;39m http-nio-8082-exec-10] [com.green.greengram4.security.JwtAuthenticationFilter] [36mjwtAuthentication-Token : null[0;39m
[2024-01-30 09:40:54 [32mINFO [0;39m http-nio-8082-exec-10] [org.springdoc.api.AbstractOpenApiResource] [36mInit duration for springdoc-openapi is: 147 ms[0;39m
[2024-01-30 09:41:11 [32mINFO [0;39m http-nio-8082-exec-6] [com.green.greengram4.security.JwtAuthenticationFilter] [36mjwtAuthentication-Token : null[0;39m
[2024-01-30 09:41:37 [32mINFO [0;39m http-nio-8082-exec-5] [com.green.greengram4.security.JwtAuthenticationFilter] [36mjwtAuthentication-Token : null[0;39m
[2024-01-30 09:41:37 [32mINFO [0;39m http-nio-8082-exec-5] [com.green.greengram4.user.UserController] [36mdto: UserSigninDto(uid=최동현, upw=ehdgus)[0;39m
[2024-01-30 09:44:12 [32mINFO [0;39m http-nio-8082-exec-1] [com.green.greengram4.security.JwtAuthenticationFilter] [36mjwtAuthentication-Token : eyJhbGciOiJIUzI1NiJ9.eyJ1c2VyIjoie1wiaXVzZXJcIjoyfSIsImlhdCI6MTcwNjU3NTI5NywiZXhwIjoxNzA2NTgyNDk3fQ.N97IkEjlTlMI2YR7S2Uewj4hC5qRfjQb-d1IuN9v-E4[0;39m
[2024-01-30 09:44:12 [33mWARN [0;39m http-nio-8082-exec-1] [org.springframework.web.servlet.PageNotFound] [36mRequest method 'POST' is not supported[0;39m
[2024-01-30 09:44:12 [33mWARN [0;39m http-nio-8082-exec-1] [org.springframework.web.servlet.mvc.method.annotation.ExceptionHandlerExceptionResolver] [36mResolved [org.springframework.web.HttpRequestMethodNotSupportedException: Request method 'POST' is not supported][0;39m
[2024-01-30 10:01:08 [32mINFO [0;39m File Watcher] [org.springframework.boot.devtools.autoconfigure.LocalDevToolsAutoConfiguration$RestartingClassPathChangeChangedEventListener] [36mRestarting due to 3 class path changes (2 additions, 0 deletions, 1 modification)[0;39m
[2024-01-30 10:01:08 [32mINFO [0;39m Thread-5] [org.apache.coyote.http11.Http11NioProtocol] [36mStopping ProtocolHandler ["http-nio-8082"][0;39m
[2024-01-30 10:01:08 [32mINFO [0;39m Thread-5] [com.zaxxer.hikari.HikariDataSource] [36mHikariPool-1 - Shutdown initiated...[0;39m
[2024-01-30 10:01:08 [32mINFO [0;39m Thread-5] [com.zaxxer.hikari.HikariDataSource] [36mHikariPool-1 - Shutdown completed.[0;39m
[2024-01-30 10:01:08 [32mINFO [0;39m restartedMain] [com.green.greengram4.Greengram4Application] [36mStarting Greengram4Application using Java 17.0.8.1 with PID 652 (D:\2023_second\java\greengram4\build\classes\java\main started by Administrator in D:\2023_second\java\greengram4)[0;39m
[2024-01-30 10:01:08 [32mINFO [0;39m restartedMain] [com.green.greengram4.Greengram4Application] [36mNo active profile set, falling back to 1 default profile: "default"[0;39m
[2024-01-30 10:01:09 [32mINFO [0;39m restartedMain] [org.springframework.boot.web.embedded.tomcat.TomcatWebServer] [36mTomcat initialized with port 8082 (http)[0;39m
[2024-01-30 10:01:09 [32mINFO [0;39m restartedMain] [org.apache.coyote.http11.Http11NioProtocol] [36mInitializing ProtocolHandler ["http-nio-8082"][0;39m
[2024-01-30 10:01:09 [32mINFO [0;39m restartedMain] [org.apache.catalina.core.StandardService] [36mStarting service [Tomcat][0;39m
[2024-01-30 10:01:09 [32mINFO [0;39m restartedMain] [org.apache.catalina.core.StandardEngine] [36mStarting Servlet engine: [Apache Tomcat/10.1.17][0;39m
[2024-01-30 10:01:09 [32mINFO [0;39m restartedMain] [org.apache.catalina.core.ContainerBase.[Tomcat].[localhost].[/]] [36mInitializing Spring embedded WebApplicationContext[0;39m
[2024-01-30 10:01:09 [32mINFO [0;39m restartedMain] [org.springframework.boot.web.servlet.context.ServletWebServerApplicationContext] [36mRoot WebApplicationContext: initialization completed in 279 ms[0;39m
[2024-01-30 10:01:09 [33mWARN [0;39m restartedMain] [org.springframework.boot.autoconfigure.security.servlet.UserDetailsServiceAutoConfiguration] [36m

Using generated security password: e262f5b8-1b61-4d7a-963a-9761a7154ef4

This generated password is for development use only. Your security configuration must be updated before running your application in production.
[0;39m
[2024-01-30 10:01:09 [32mINFO [0;39m restartedMain] [org.springframework.boot.autoconfigure.web.servlet.WelcomePageHandlerMapping] [36mAdding welcome page: class path resource [static/index.html][0;39m
[2024-01-30 10:01:09 [32mINFO [0;39m restartedMain] [org.springframework.security.web.DefaultSecurityFilterChain] [36mWill secure any request with [org.springframework.security.web.session.DisableEncodeUrlFilter@617a1419, org.springframework.security.web.context.request.async.WebAsyncManagerIntegrationFilter@424aa53b, org.springframework.security.web.context.SecurityContextHolderFilter@4f24b048, org.springframework.security.web.header.HeaderWriterFilter@e5aa1a5, org.springframework.web.filter.CorsFilter@2669216e, org.springframework.security.web.authentication.logout.LogoutFilter@36a9a747, com.green.greengram4.security.JwtAuthenticationFilter@508a702, org.springframework.security.web.savedrequest.RequestCacheAwareFilter@25879e91, org.springframework.security.web.servletapi.SecurityContextHolderAwareRequestFilter@7e8b440d, org.springframework.security.web.authentication.AnonymousAuthenticationFilter@2cad68a3, org.springframework.security.web.session.SessionManagementFilter@2453fd90, org.springframework.security.web.access.ExceptionTranslationFilter@317b6643, org.springframework.security.web.access.intercept.AuthorizationFilter@1a920b93][0;39m
[2024-01-30 10:01:09 [32mINFO [0;39m restartedMain] [org.springframework.boot.devtools.autoconfigure.OptionalLiveReloadServer] [36mLiveReload server is running on port 35729[0;39m
[2024-01-30 10:01:09 [32mINFO [0;39m restartedMain] [org.apache.coyote.http11.Http11NioProtocol] [36mStarting ProtocolHandler ["http-nio-8082"][0;39m
[2024-01-30 10:01:09 [32mINFO [0;39m restartedMain] [org.springframework.boot.web.embedded.tomcat.TomcatWebServer] [36mTomcat started on port 8082 (http) with context path ''[0;39m
[2024-01-30 10:01:09 [32mINFO [0;39m restartedMain] [com.green.greengram4.Greengram4Application] [36mStarted Greengram4Application in 0.503 seconds (process running for 1235.493)[0;39m
[2024-01-30 10:01:09 [32mINFO [0;39m restartedMain] [org.springframework.boot.devtools.autoconfigure.ConditionEvaluationDeltaLoggingListener] [36mCondition evaluation unchanged[0;39m
[2024-01-30 10:01:18 [32mINFO [0;39m File Watcher] [org.springframework.boot.devtools.autoconfigure.LocalDevToolsAutoConfiguration$RestartingClassPathChangeChangedEventListener] [36mRestarting due to 3 class path changes (1 addition, 0 deletions, 2 modifications)[0;39m
[2024-01-30 10:01:18 [32mINFO [0;39m Thread-7] [org.apache.coyote.http11.Http11NioProtocol] [36mStopping ProtocolHandler ["http-nio-8082"][0;39m
[2024-01-30 10:01:18 [32mINFO [0;39m restartedMain] [com.green.greengram4.Greengram4Application] [36mStarting Greengram4Application using Java 17.0.8.1 with PID 652 (D:\2023_second\java\greengram4\build\classes\java\main started by Administrator in D:\2023_second\java\greengram4)[0;39m
[2024-01-30 10:01:18 [32mINFO [0;39m restartedMain] [com.green.greengram4.Greengram4Application] [36mNo active profile set, falling back to 1 default profile: "default"[0;39m
[2024-01-30 10:01:19 [32mINFO [0;39m restartedMain] [org.springframework.boot.web.embedded.tomcat.TomcatWebServer] [36mTomcat initialized with port 8082 (http)[0;39m
[2024-01-30 10:01:19 [32mINFO [0;39m restartedMain] [org.apache.coyote.http11.Http11NioProtocol] [36mInitializing ProtocolHandler ["http-nio-8082"][0;39m
[2024-01-30 10:01:19 [32mINFO [0;39m restartedMain] [org.apache.catalina.core.StandardService] [36mStarting service [Tomcat][0;39m
[2024-01-30 10:01:19 [32mINFO [0;39m restartedMain] [org.apache.catalina.core.StandardEngine] [36mStarting Servlet engine: [Apache Tomcat/10.1.17][0;39m
[2024-01-30 10:01:19 [32mINFO [0;39m restartedMain] [org.apache.catalina.core.ContainerBase.[Tomcat].[localhost].[/]] [36mInitializing Spring embedded WebApplicationContext[0;39m
[2024-01-30 10:01:19 [32mINFO [0;39m restartedMain] [org.springframework.boot.web.servlet.context.ServletWebServerApplicationContext] [36mRoot WebApplicationContext: initialization completed in 239 ms[0;39m
[2024-01-30 10:01:19 [33mWARN [0;39m restartedMain] [org.springframework.boot.autoconfigure.security.servlet.UserDetailsServiceAutoConfiguration] [36m

Using generated security password: 489b529e-a5b8-488f-a23e-47c52de6cc0e

This generated password is for development use only. Your security configuration must be updated before running your application in production.
[0;39m
[2024-01-30 10:01:19 [32mINFO [0;39m restartedMain] [org.springframework.boot.autoconfigure.web.servlet.WelcomePageHandlerMapping] [36mAdding welcome page: class path resource [static/index.html][0;39m
[2024-01-30 10:01:19 [32mINFO [0;39m restartedMain] [org.springframework.security.web.DefaultSecurityFilterChain] [36mWill secure any request with [org.springframework.security.web.session.DisableEncodeUrlFilter@6f87a36, org.springframework.security.web.context.request.async.WebAsyncManagerIntegrationFilter@5757d67a, org.springframework.security.web.context.SecurityContextHolderFilter@b7d1068, org.springframework.security.web.header.HeaderWriterFilter@60034f64, org.springframework.web.filter.CorsFilter@7b3dd274, org.springframework.security.web.authentication.logout.LogoutFilter@332c4a51, com.green.greengram4.security.JwtAuthenticationFilter@25d26f1c, org.springframework.security.web.savedrequest.RequestCacheAwareFilter@1903f545, org.springframework.security.web.servletapi.SecurityContextHolderAwareRequestFilter@6381f16e, org.springframework.security.web.authentication.AnonymousAuthenticationFilter@f032a4d, org.springframework.security.web.session.SessionManagementFilter@174498e1, org.springframework.security.web.access.ExceptionTranslationFilter@602e584a, org.springframework.security.web.access.intercept.AuthorizationFilter@5965a5e3][0;39m
[2024-01-30 10:01:19 [32mINFO [0;39m restartedMain] [org.springframework.boot.devtools.autoconfigure.OptionalLiveReloadServer] [36mLiveReload server is running on port 35729[0;39m
[2024-01-30 10:01:19 [32mINFO [0;39m restartedMain] [org.apache.coyote.http11.Http11NioProtocol] [36mStarting ProtocolHandler ["http-nio-8082"][0;39m
[2024-01-30 10:01:19 [32mINFO [0;39m restartedMain] [org.springframework.boot.web.embedded.tomcat.TomcatWebServer] [36mTomcat started on port 8082 (http) with context path ''[0;39m
[2024-01-30 10:01:19 [32mINFO [0;39m restartedMain] [com.green.greengram4.Greengram4Application] [36mStarted Greengram4Application in 0.422 seconds (process running for 1245.565)[0;39m
[2024-01-30 10:01:19 [32mINFO [0;39m restartedMain] [org.springframework.boot.devtools.autoconfigure.ConditionEvaluationDeltaLoggingListener] [36mCondition evaluation unchanged[0;39m
