[2024-01-15 11:20:02 [32mINFO [0;39m restartedMain] [com.green.greengram4.Greengram4Application] [36mStarting Greengram4Application using Java 17.0.8.1 with PID 9656 (D:\2023_second\java\greengram4\build\classes\java\main started by Administrator in D:\2023_second\java\greengram4)[0;39m
[2024-01-15 11:20:02 [32mINFO [0;39m restartedMain] [com.green.greengram4.Greengram4Application] [36mNo active profile set, falling back to 1 default profile: "default"[0;39m
[2024-01-15 11:20:02 [32mINFO [0;39m restartedMain] [org.springframework.boot.devtools.env.DevToolsPropertyDefaultsPostProcessor] [36mDevtools property defaults active! Set 'spring.devtools.add-properties' to 'false' to disable[0;39m
[2024-01-15 11:20:02 [32mINFO [0;39m restartedMain] [org.springframework.boot.devtools.env.DevToolsPropertyDefaultsPostProcessor] [36mFor additional web related logging consider setting the 'logging.level.web' property to 'DEBUG'[0;39m
[2024-01-15 11:20:03 [32mINFO [0;39m restartedMain] [org.springframework.boot.web.embedded.tomcat.TomcatWebServer] [36mTomcat initialized with port 8082 (http)[0;39m
[2024-01-15 11:20:03 [32mINFO [0;39m restartedMain] [org.apache.coyote.http11.Http11NioProtocol] [36mInitializing ProtocolHandler ["http-nio-8082"][0;39m
[2024-01-15 11:20:03 [32mINFO [0;39m restartedMain] [org.apache.catalina.core.StandardService] [36mStarting service [Tomcat][0;39m
[2024-01-15 11:20:03 [32mINFO [0;39m restartedMain] [org.apache.catalina.core.StandardEngine] [36mStarting Servlet engine: [Apache Tomcat/10.1.17][0;39m
[2024-01-15 11:20:03 [32mINFO [0;39m restartedMain] [org.apache.catalina.core.ContainerBase.[Tomcat].[localhost].[/]] [36mInitializing Spring embedded WebApplicationContext[0;39m
[2024-01-15 11:20:03 [32mINFO [0;39m restartedMain] [org.springframework.boot.web.servlet.context.ServletWebServerApplicationContext] [36mRoot WebApplicationContext: initialization completed in 1232 ms[0;39m
[2024-01-15 11:20:03 [32mINFO [0;39m restartedMain] [com.green.greengram4.common.FirebaseConfiguration] [36mFirebaseApp Initialization Complete !!![0;39m
[2024-01-15 11:20:04 [33mWARN [0;39m restartedMain] [org.springframework.boot.autoconfigure.security.servlet.UserDetailsServiceAutoConfiguration] [36m

Using generated security password: d1c12780-e873-4299-865e-bbf33381c4e5

This generated password is for development use only. Your security configuration must be updated before running your application in production.
[0;39m
[2024-01-15 11:20:04 [32mINFO [0;39m restartedMain] [org.springframework.boot.autoconfigure.web.servlet.WelcomePageHandlerMapping] [36mAdding welcome page: class path resource [static/index.html][0;39m
[2024-01-15 11:20:04 [32mINFO [0;39m restartedMain] [org.springframework.security.web.DefaultSecurityFilterChain] [36mWill secure any request with [org.springframework.security.web.session.DisableEncodeUrlFilter@cc4125b, org.springframework.security.web.context.request.async.WebAsyncManagerIntegrationFilter@2a4e55d8, org.springframework.security.web.context.SecurityContextHolderFilter@dd2d0c6, org.springframework.security.web.header.HeaderWriterFilter@33fde8f6, org.springframework.web.filter.CorsFilter@6d3a9e17, org.springframework.security.web.authentication.logout.LogoutFilter@3dd641ca, com.green.greengram4.security.JwtAuthenticationFilter@3269740a, org.springframework.security.web.savedrequest.RequestCacheAwareFilter@3366bafa, org.springframework.security.web.servletapi.SecurityContextHolderAwareRequestFilter@111cc452, org.springframework.security.web.authentication.AnonymousAuthenticationFilter@6f66e682, org.springframework.security.web.session.SessionManagementFilter@61c2cc25, org.springframework.security.web.access.ExceptionTranslationFilter@578dc0ff, org.springframework.security.web.access.intercept.AuthorizationFilter@5dbf7261][0;39m
[2024-01-15 11:20:04 [32mINFO [0;39m restartedMain] [org.springframework.boot.devtools.autoconfigure.OptionalLiveReloadServer] [36mLiveReload server is running on port 35729[0;39m
[2024-01-15 11:20:04 [32mINFO [0;39m restartedMain] [org.apache.coyote.http11.Http11NioProtocol] [36mStarting ProtocolHandler ["http-nio-8082"][0;39m
[2024-01-15 11:20:04 [32mINFO [0;39m restartedMain] [org.springframework.boot.web.embedded.tomcat.TomcatWebServer] [36mTomcat started on port 8082 (http) with context path ''[0;39m
[2024-01-15 11:20:04 [32mINFO [0;39m restartedMain] [com.green.greengram4.Greengram4Application] [36mStarted Greengram4Application in 2.556 seconds (process running for 3.018)[0;39m
[2024-01-15 11:23:48 [32mINFO [0;39m http-nio-8082-exec-1] [org.apache.catalina.core.ContainerBase.[Tomcat].[localhost].[/]] [36mInitializing Spring DispatcherServlet 'dispatcherServlet'[0;39m
[2024-01-15 11:23:48 [32mINFO [0;39m http-nio-8082-exec-1] [org.springframework.web.servlet.DispatcherServlet] [36mInitializing Servlet 'dispatcherServlet'[0;39m
[2024-01-15 11:23:48 [32mINFO [0;39m http-nio-8082-exec-1] [org.springframework.web.servlet.DispatcherServlet] [36mCompleted initialization in 2 ms[0;39m
[2024-01-15 11:23:48 [32mINFO [0;39m http-nio-8082-exec-1] [com.green.greengram4.security.JwtAuthenticationFilter] [36mjwtAuthentication-Token : null[0;39m
[2024-01-15 11:23:48 [32mINFO [0;39m http-nio-8082-exec-4] [com.green.greengram4.security.JwtAuthenticationFilter] [36mjwtAuthentication-Token : null[0;39m
[2024-01-15 11:23:48 [32mINFO [0;39m http-nio-8082-exec-7] [com.green.greengram4.security.JwtAuthenticationFilter] [36mjwtAuthentication-Token : null[0;39m
[2024-01-15 11:23:48 [32mINFO [0;39m http-nio-8082-exec-6] [com.green.greengram4.security.JwtAuthenticationFilter] [36mjwtAuthentication-Token : null[0;39m
[2024-01-15 11:23:48 [32mINFO [0;39m http-nio-8082-exec-2] [com.green.greengram4.security.JwtAuthenticationFilter] [36mjwtAuthentication-Token : null[0;39m
[2024-01-15 11:23:48 [32mINFO [0;39m http-nio-8082-exec-5] [com.green.greengram4.security.JwtAuthenticationFilter] [36mjwtAuthentication-Token : null[0;39m
[2024-01-15 11:23:48 [32mINFO [0;39m http-nio-8082-exec-9] [com.green.greengram4.security.JwtAuthenticationFilter] [36mjwtAuthentication-Token : null[0;39m
[2024-01-15 11:23:48 [32mINFO [0;39m http-nio-8082-exec-8] [com.green.greengram4.security.JwtAuthenticationFilter] [36mjwtAuthentication-Token : null[0;39m
[2024-01-15 11:23:48 [32mINFO [0;39m http-nio-8082-exec-3] [com.green.greengram4.security.JwtAuthenticationFilter] [36mjwtAuthentication-Token : null[0;39m
[2024-01-15 11:23:48 [32mINFO [0;39m http-nio-8082-exec-10] [com.green.greengram4.security.JwtAuthenticationFilter] [36mjwtAuthentication-Token : null[0;39m
[2024-01-15 11:23:48 [32mINFO [0;39m http-nio-8082-exec-10] [org.springdoc.api.AbstractOpenApiResource] [36mInit duration for springdoc-openapi is: 206 ms[0;39m
[2024-01-15 11:30:56 [32mINFO [0;39m http-nio-8082-exec-2] [com.green.greengram4.security.JwtAuthenticationFilter] [36mjwtAuthentication-Token : eyJhbGciOiJIUzI1NiJ9.eyJ1c2VyIjoie1wiaXVzZXJcIjozfSIsImlhdCI6MTcwNTAyMDg5NywiZXhwIjoxNzA2MzE2ODk3fQ.uPLqxjVVpybHeikUQrEBGVrXVroIAGdWCxporsWbea0[0;39m
[2024-01-15 11:30:56 [32mINFO [0;39m http-nio-8082-exec-2] [com.green.greengram4.feed.FeedController] [36mpics : [org.springframework.web.multipart.support.StandardMultipartHttpServletRequest$StandardMultipartFile@2e9ead6c, org.springframework.web.multipart.support.StandardMultipartHttpServletRequest$StandardMultipartFile@fdcecca, org.springframework.web.multipart.support.StandardMultipartHttpServletRequest$StandardMultipartFile@3c05e41a][0;39m
[2024-01-15 11:30:56 [32mINFO [0;39m http-nio-8082-exec-2] [com.green.greengram4.feed.FeedController] [36mdto : FeedInsDto(ifeed=0, iuser=0, contents=오봉봉, location=내집, pics=null)[0;39m
[2024-01-15 11:30:56 [32mINFO [0;39m http-nio-8082-exec-2] [com.green.greengram4.feed.FeedService] [36mdto : FeedInsDto(ifeed=0, iuser=3, contents=오봉봉, location=내집, pics=[org.springframework.web.multipart.support.StandardMultipartHttpServletRequest$StandardMultipartFile@2e9ead6c, org.springframework.web.multipart.support.StandardMultipartHttpServletRequest$StandardMultipartFile@fdcecca, org.springframework.web.multipart.support.StandardMultipartHttpServletRequest$StandardMultipartFile@3c05e41a])[0;39m
[2024-01-15 11:30:56 [32mINFO [0;39m http-nio-8082-exec-2] [com.zaxxer.hikari.HikariDataSource] [36mHikariPool-1 - Starting...[0;39m
[2024-01-15 11:30:56 [32mINFO [0;39m http-nio-8082-exec-2] [com.zaxxer.hikari.pool.HikariPool] [36mHikariPool-1 - Added connection org.mariadb.jdbc.Connection@45296b56[0;39m
[2024-01-15 11:30:56 [32mINFO [0;39m http-nio-8082-exec-2] [com.zaxxer.hikari.HikariDataSource] [36mHikariPool-1 - Start completed.[0;39m
[2024-01-15 11:38:07 [32mINFO [0;39m SpringApplicationShutdownHook] [com.zaxxer.hikari.HikariDataSource] [36mHikariPool-1 - Shutdown initiated...[0;39m
[2024-01-15 11:38:07 [32mINFO [0;39m SpringApplicationShutdownHook] [com.zaxxer.hikari.HikariDataSource] [36mHikariPool-1 - Shutdown completed.[0;39m
[2024-01-15 11:38:09 [32mINFO [0;39m restartedMain] [com.green.greengram4.Greengram4Application] [36mStarting Greengram4Application using Java 17.0.8.1 with PID 7004 (D:\2023_second\java\greengram4\build\classes\java\main started by Administrator in D:\2023_second\java\greengram4)[0;39m
[2024-01-15 11:38:09 [32mINFO [0;39m restartedMain] [com.green.greengram4.Greengram4Application] [36mNo active profile set, falling back to 1 default profile: "default"[0;39m
[2024-01-15 11:38:09 [32mINFO [0;39m restartedMain] [org.springframework.boot.devtools.env.DevToolsPropertyDefaultsPostProcessor] [36mDevtools property defaults active! Set 'spring.devtools.add-properties' to 'false' to disable[0;39m
[2024-01-15 11:38:09 [32mINFO [0;39m restartedMain] [org.springframework.boot.devtools.env.DevToolsPropertyDefaultsPostProcessor] [36mFor additional web related logging consider setting the 'logging.level.web' property to 'DEBUG'[0;39m
[2024-01-15 11:38:10 [32mINFO [0;39m restartedMain] [org.springframework.boot.web.embedded.tomcat.TomcatWebServer] [36mTomcat initialized with port 8082 (http)[0;39m
[2024-01-15 11:38:10 [32mINFO [0;39m restartedMain] [org.apache.coyote.http11.Http11NioProtocol] [36mInitializing ProtocolHandler ["http-nio-8082"][0;39m
[2024-01-15 11:38:10 [32mINFO [0;39m restartedMain] [org.apache.catalina.core.StandardService] [36mStarting service [Tomcat][0;39m
[2024-01-15 11:38:10 [32mINFO [0;39m restartedMain] [org.apache.catalina.core.StandardEngine] [36mStarting Servlet engine: [Apache Tomcat/10.1.17][0;39m
[2024-01-15 11:38:10 [32mINFO [0;39m restartedMain] [org.apache.catalina.core.ContainerBase.[Tomcat].[localhost].[/]] [36mInitializing Spring embedded WebApplicationContext[0;39m
[2024-01-15 11:38:10 [32mINFO [0;39m restartedMain] [org.springframework.boot.web.servlet.context.ServletWebServerApplicationContext] [36mRoot WebApplicationContext: initialization completed in 1029 ms[0;39m
[2024-01-15 11:38:10 [32mINFO [0;39m restartedMain] [com.green.greengram4.common.FirebaseConfiguration] [36mFirebaseApp Initialization Complete !!![0;39m
[2024-01-15 11:38:10 [33mWARN [0;39m restartedMain] [org.springframework.boot.autoconfigure.security.servlet.UserDetailsServiceAutoConfiguration] [36m

Using generated security password: 08cb554e-6721-44ff-9916-e8420aebad1a

This generated password is for development use only. Your security configuration must be updated before running your application in production.
[0;39m
[2024-01-15 11:38:10 [32mINFO [0;39m restartedMain] [org.springframework.boot.autoconfigure.web.servlet.WelcomePageHandlerMapping] [36mAdding welcome page: class path resource [static/index.html][0;39m
[2024-01-15 11:38:11 [32mINFO [0;39m restartedMain] [org.springframework.security.web.DefaultSecurityFilterChain] [36mWill secure any request with [org.springframework.security.web.session.DisableEncodeUrlFilter@df5c1f9, org.springframework.security.web.context.request.async.WebAsyncManagerIntegrationFilter@51ac8bc8, org.springframework.security.web.context.SecurityContextHolderFilter@69469ac7, org.springframework.security.web.header.HeaderWriterFilter@a2547f7, org.springframework.web.filter.CorsFilter@2731708d, org.springframework.security.web.authentication.logout.LogoutFilter@59d5bdb5, com.green.greengram4.security.JwtAuthenticationFilter@144649e1, org.springframework.security.web.savedrequest.RequestCacheAwareFilter@185d91b7, org.springframework.security.web.servletapi.SecurityContextHolderAwareRequestFilter@53846568, org.springframework.security.web.authentication.AnonymousAuthenticationFilter@696d192f, org.springframework.security.web.session.SessionManagementFilter@1cea260b, org.springframework.security.web.access.ExceptionTranslationFilter@3330a4de, org.springframework.security.web.access.intercept.AuthorizationFilter@66375651][0;39m
[2024-01-15 11:38:11 [32mINFO [0;39m restartedMain] [org.springframework.boot.devtools.autoconfigure.OptionalLiveReloadServer] [36mLiveReload server is running on port 35729[0;39m
[2024-01-15 11:38:11 [32mINFO [0;39m restartedMain] [org.apache.coyote.http11.Http11NioProtocol] [36mStarting ProtocolHandler ["http-nio-8082"][0;39m
[2024-01-15 11:38:11 [32mINFO [0;39m restartedMain] [org.springframework.boot.web.embedded.tomcat.TomcatWebServer] [36mTomcat started on port 8082 (http) with context path ''[0;39m
[2024-01-15 11:38:11 [32mINFO [0;39m restartedMain] [com.green.greengram4.Greengram4Application] [36mStarted Greengram4Application in 2.262 seconds (process running for 3.026)[0;39m
[2024-01-15 11:38:45 [32mINFO [0;39m http-nio-8082-exec-1] [org.apache.catalina.core.ContainerBase.[Tomcat].[localhost].[/]] [36mInitializing Spring DispatcherServlet 'dispatcherServlet'[0;39m
[2024-01-15 11:38:45 [32mINFO [0;39m http-nio-8082-exec-1] [org.springframework.web.servlet.DispatcherServlet] [36mInitializing Servlet 'dispatcherServlet'[0;39m
[2024-01-15 11:38:45 [32mINFO [0;39m http-nio-8082-exec-1] [org.springframework.web.servlet.DispatcherServlet] [36mCompleted initialization in 1 ms[0;39m
[2024-01-15 11:38:45 [32mINFO [0;39m http-nio-8082-exec-1] [com.green.greengram4.security.JwtAuthenticationFilter] [36mjwtAuthentication-Token : null[0;39m
[2024-01-15 11:38:45 [32mINFO [0;39m http-nio-8082-exec-1] [com.green.greengram4.user.UserController] [36mdto: UserSigninDto(uid=동현, upw=ehdgus)[0;39m
[2024-01-15 11:38:45 [32mINFO [0;39m http-nio-8082-exec-1] [com.zaxxer.hikari.HikariDataSource] [36mHikariPool-1 - Starting...[0;39m
[2024-01-15 11:38:45 [32mINFO [0;39m http-nio-8082-exec-1] [com.zaxxer.hikari.pool.HikariPool] [36mHikariPool-1 - Added connection org.mariadb.jdbc.Connection@2f370c0b[0;39m
[2024-01-15 11:38:45 [32mINFO [0;39m http-nio-8082-exec-1] [com.zaxxer.hikari.HikariDataSource] [36mHikariPool-1 - Start completed.[0;39m
[2024-01-15 11:38:55 [32mINFO [0;39m http-nio-8082-exec-2] [com.green.greengram4.security.JwtAuthenticationFilter] [36mjwtAuthentication-Token : null[0;39m
[2024-01-15 11:38:55 [32mINFO [0;39m http-nio-8082-exec-2] [com.green.greengram4.user.UserController] [36mdto: UserSigninDto(uid=최동현, upw=ehdgus)[0;39m
[2024-01-15 11:40:03 [32mINFO [0;39m http-nio-8082-exec-5] [com.green.greengram4.security.JwtAuthenticationFilter] [36mjwtAuthentication-Token : eyJhbGciOiJIUzI1NiJ9.eyJ1c2VyIjoie1wiaXVzZXJcIjoyfSIsImlhdCI6MTcwNTI4NjMzNSwiZXhwIjoxNzA1MjkzNTM1fQ._P76ksK47PHBD8JaPWqXbEJomC23FujIry3SG9vm2do[0;39m
[2024-01-15 11:40:38 [33mWARN [0;39m HikariPool-1 housekeeper] [com.zaxxer.hikari.pool.HikariPool] [36mHikariPool-1 - Thread starvation or clock leap detected (housekeeper delta=52s852ms823µs200ns).[0;39m
[2024-01-15 11:40:38 [32mINFO [0;39m http-nio-8082-exec-5] [com.green.greengram4.feed.FeedController] [36mpics : [org.springframework.web.multipart.support.StandardMultipartHttpServletRequest$StandardMultipartFile@2a773069, org.springframework.web.multipart.support.StandardMultipartHttpServletRequest$StandardMultipartFile@74c80837, org.springframework.web.multipart.support.StandardMultipartHttpServletRequest$StandardMultipartFile@7ca26d5][0;39m
[2024-01-15 11:40:38 [32mINFO [0;39m http-nio-8082-exec-5] [com.green.greengram4.feed.FeedController] [36mdto : FeedInsDto(ifeed=0, iuser=0, contents=오봉봉, location=집, pics=null)[0;39m
[2024-01-15 11:40:38 [32mINFO [0;39m http-nio-8082-exec-5] [com.green.greengram4.feed.FeedService] [36mdto : FeedInsDto(ifeed=0, iuser=2, contents=오봉봉, location=집, pics=[org.springframework.web.multipart.support.StandardMultipartHttpServletRequest$StandardMultipartFile@2a773069, org.springframework.web.multipart.support.StandardMultipartHttpServletRequest$StandardMultipartFile@74c80837, org.springframework.web.multipart.support.StandardMultipartHttpServletRequest$StandardMultipartFile@7ca26d5])[0;39m
[2024-01-15 12:33:02 [32mINFO [0;39m File Watcher] [org.springframework.boot.devtools.autoconfigure.LocalDevToolsAutoConfiguration$RestartingClassPathChangeChangedEventListener] [36mRestarting due to 31 class path changes (0 additions, 0 deletions, 31 modifications)[0;39m
[2024-01-15 12:33:02 [32mINFO [0;39m Thread-5] [org.apache.coyote.http11.Http11NioProtocol] [36mStopping ProtocolHandler ["http-nio-8082"][0;39m
[2024-01-15 12:33:02 [32mINFO [0;39m Thread-5] [com.zaxxer.hikari.HikariDataSource] [36mHikariPool-1 - Shutdown initiated...[0;39m
[2024-01-15 12:33:02 [32mINFO [0;39m Thread-5] [com.zaxxer.hikari.HikariDataSource] [36mHikariPool-1 - Shutdown completed.[0;39m
[2024-01-15 12:33:02 [32mINFO [0;39m restartedMain] [com.green.greengram4.Greengram4Application] [36mStarting Greengram4Application using Java 17.0.8.1 with PID 7004 (D:\2023_second\java\greengram4\build\classes\java\main started by Administrator in D:\2023_second\java\greengram4)[0;39m
[2024-01-15 12:33:02 [32mINFO [0;39m restartedMain] [com.green.greengram4.Greengram4Application] [36mNo active profile set, falling back to 1 default profile: "default"[0;39m
[2024-01-15 12:33:02 [32mINFO [0;39m restartedMain] [org.springframework.boot.web.embedded.tomcat.TomcatWebServer] [36mTomcat initialized with port 8082 (http)[0;39m
[2024-01-15 12:33:02 [32mINFO [0;39m restartedMain] [org.apache.coyote.http11.Http11NioProtocol] [36mInitializing ProtocolHandler ["http-nio-8082"][0;39m
[2024-01-15 12:33:02 [32mINFO [0;39m restartedMain] [org.apache.catalina.core.StandardService] [36mStarting service [Tomcat][0;39m
[2024-01-15 12:33:02 [32mINFO [0;39m restartedMain] [org.apache.catalina.core.StandardEngine] [36mStarting Servlet engine: [Apache Tomcat/10.1.17][0;39m
[2024-01-15 12:33:02 [32mINFO [0;39m restartedMain] [org.apache.catalina.core.ContainerBase.[Tomcat].[localhost].[/]] [36mInitializing Spring embedded WebApplicationContext[0;39m
[2024-01-15 12:33:02 [32mINFO [0;39m restartedMain] [org.springframework.boot.web.servlet.context.ServletWebServerApplicationContext] [36mRoot WebApplicationContext: initialization completed in 352 ms[0;39m
[2024-01-15 12:33:02 [33mWARN [0;39m restartedMain] [org.springframework.boot.autoconfigure.security.servlet.UserDetailsServiceAutoConfiguration] [36m

Using generated security password: 55403151-21e9-432f-95d6-07a912e9b1bd

This generated password is for development use only. Your security configuration must be updated before running your application in production.
[0;39m
[2024-01-15 12:33:02 [32mINFO [0;39m restartedMain] [org.springframework.boot.autoconfigure.web.servlet.WelcomePageHandlerMapping] [36mAdding welcome page: class path resource [static/index.html][0;39m
[2024-01-15 12:33:02 [32mINFO [0;39m restartedMain] [org.springframework.security.web.DefaultSecurityFilterChain] [36mWill secure any request with [org.springframework.security.web.session.DisableEncodeUrlFilter@62fce135, org.springframework.security.web.context.request.async.WebAsyncManagerIntegrationFilter@424e5787, org.springframework.security.web.context.SecurityContextHolderFilter@39781331, org.springframework.security.web.header.HeaderWriterFilter@531a6396, org.springframework.web.filter.CorsFilter@2bee6aa, org.springframework.security.web.authentication.logout.LogoutFilter@27af74ea, com.green.greengram4.security.JwtAuthenticationFilter@3f892357, org.springframework.security.web.savedrequest.RequestCacheAwareFilter@685fb07c, org.springframework.security.web.servletapi.SecurityContextHolderAwareRequestFilter@68596832, org.springframework.security.web.authentication.AnonymousAuthenticationFilter@7a3f3579, org.springframework.security.web.session.SessionManagementFilter@2e42c0a, org.springframework.security.web.access.ExceptionTranslationFilter@4be352b0, org.springframework.security.web.access.intercept.AuthorizationFilter@3ea8da2e][0;39m
[2024-01-15 12:33:02 [32mINFO [0;39m restartedMain] [org.springframework.boot.devtools.autoconfigure.OptionalLiveReloadServer] [36mLiveReload server is running on port 35729[0;39m
[2024-01-15 12:33:02 [32mINFO [0;39m restartedMain] [org.apache.coyote.http11.Http11NioProtocol] [36mStarting ProtocolHandler ["http-nio-8082"][0;39m
[2024-01-15 12:33:02 [32mINFO [0;39m restartedMain] [org.springframework.boot.web.embedded.tomcat.TomcatWebServer] [36mTomcat started on port 8082 (http) with context path ''[0;39m
[2024-01-15 12:33:02 [32mINFO [0;39m restartedMain] [com.green.greengram4.Greengram4Application] [36mStarted Greengram4Application in 0.568 seconds (process running for 3294.313)[0;39m
[2024-01-15 12:33:02 [32mINFO [0;39m restartedMain] [org.springframework.boot.devtools.autoconfigure.ConditionEvaluationDeltaLoggingListener] [36mCondition evaluation unchanged[0;39m
[2024-01-15 13:01:06 [32mINFO [0;39m http-nio-8082-exec-1] [org.apache.catalina.core.ContainerBase.[Tomcat].[localhost].[/]] [36mInitializing Spring DispatcherServlet 'dispatcherServlet'[0;39m
[2024-01-15 13:01:06 [32mINFO [0;39m http-nio-8082-exec-1] [org.springframework.web.servlet.DispatcherServlet] [36mInitializing Servlet 'dispatcherServlet'[0;39m
[2024-01-15 13:01:06 [32mINFO [0;39m http-nio-8082-exec-1] [org.springframework.web.servlet.DispatcherServlet] [36mCompleted initialization in 1 ms[0;39m
[2024-01-15 13:01:06 [32mINFO [0;39m http-nio-8082-exec-1] [com.green.greengram4.security.JwtAuthenticationFilter] [36mjwtAuthentication-Token : null[0;39m
[2024-01-15 13:01:06 [32mINFO [0;39m http-nio-8082-exec-4] [com.green.greengram4.security.JwtAuthenticationFilter] [36mjwtAuthentication-Token : null[0;39m
[2024-01-15 13:01:06 [32mINFO [0;39m http-nio-8082-exec-9] [com.green.greengram4.security.JwtAuthenticationFilter] [36mjwtAuthentication-Token : null[0;39m
[2024-01-15 13:01:06 [32mINFO [0;39m http-nio-8082-exec-5] [com.green.greengram4.security.JwtAuthenticationFilter] [36mjwtAuthentication-Token : null[0;39m
[2024-01-15 13:01:06 [32mINFO [0;39m http-nio-8082-exec-3] [com.green.greengram4.security.JwtAuthenticationFilter] [36mjwtAuthentication-Token : null[0;39m
[2024-01-15 13:01:06 [32mINFO [0;39m http-nio-8082-exec-10] [com.green.greengram4.security.JwtAuthenticationFilter] [36mjwtAuthentication-Token : null[0;39m
[2024-01-15 13:01:06 [32mINFO [0;39m http-nio-8082-exec-7] [com.green.greengram4.security.JwtAuthenticationFilter] [36mjwtAuthentication-Token : null[0;39m
[2024-01-15 13:01:06 [32mINFO [0;39m http-nio-8082-exec-8] [com.green.greengram4.security.JwtAuthenticationFilter] [36mjwtAuthentication-Token : null[0;39m
[2024-01-15 13:01:06 [32mINFO [0;39m http-nio-8082-exec-2] [com.green.greengram4.security.JwtAuthenticationFilter] [36mjwtAuthentication-Token : null[0;39m
[2024-01-15 13:01:06 [32mINFO [0;39m http-nio-8082-exec-6] [com.green.greengram4.security.JwtAuthenticationFilter] [36mjwtAuthentication-Token : null[0;39m
[2024-01-15 13:01:07 [32mINFO [0;39m http-nio-8082-exec-2] [org.springdoc.api.AbstractOpenApiResource] [36mInit duration for springdoc-openapi is: 161 ms[0;39m
[2024-01-15 13:01:15 [32mINFO [0;39m http-nio-8082-exec-1] [com.green.greengram4.security.JwtAuthenticationFilter] [36mjwtAuthentication-Token : null[0;39m
[2024-01-15 13:01:15 [32mINFO [0;39m http-nio-8082-exec-4] [com.green.greengram4.security.JwtAuthenticationFilter] [36mjwtAuthentication-Token : null[0;39m
[2024-01-15 13:01:15 [32mINFO [0;39m http-nio-8082-exec-3] [com.green.greengram4.security.JwtAuthenticationFilter] [36mjwtAuthentication-Token : null[0;39m
[2024-01-15 13:01:15 [32mINFO [0;39m http-nio-8082-exec-5] [com.green.greengram4.security.JwtAuthenticationFilter] [36mjwtAuthentication-Token : null[0;39m
[2024-01-15 13:01:15 [32mINFO [0;39m http-nio-8082-exec-10] [com.green.greengram4.security.JwtAuthenticationFilter] [36mjwtAuthentication-Token : null[0;39m
[2024-01-15 13:01:15 [32mINFO [0;39m http-nio-8082-exec-9] [com.green.greengram4.security.JwtAuthenticationFilter] [36mjwtAuthentication-Token : null[0;39m
[2024-01-15 13:01:16 [32mINFO [0;39m http-nio-8082-exec-7] [com.green.greengram4.security.JwtAuthenticationFilter] [36mjwtAuthentication-Token : null[0;39m
[2024-01-15 13:01:16 [32mINFO [0;39m http-nio-8082-exec-8] [com.green.greengram4.security.JwtAuthenticationFilter] [36mjwtAuthentication-Token : null[0;39m
[2024-01-15 13:01:16 [32mINFO [0;39m http-nio-8082-exec-6] [com.green.greengram4.security.JwtAuthenticationFilter] [36mjwtAuthentication-Token : null[0;39m
